2026-06-13T03:22:34.602+07:00  INFO 21140 --- [FinalProject_Java-Service] [Test worker] .FinalProjectJavaServiceApplicationTests : Starting FinalProjectJavaServiceApplicationTests using Java 17.0.18 with PID 21140 (started by OS in C:\Users\OS\Documents\BTVN Java_Service\FinalProject_Java-Service)
2026-06-13T03:22:34.609+07:00  INFO 21140 --- [FinalProject_Java-Service] [Test worker] .FinalProjectJavaServiceApplicationTests : No active profile set, falling back to 1 default profile: "default"
2026-06-13T03:22:36.215+07:00  INFO 21140 --- [FinalProject_Java-Service] [Test worker] .s.d.r.c.RepositoryConfigurationDelegate : Bootstrapping Spring Data JPA repositories in DEFAULT mode.
2026-06-13T03:22:36.296+07:00  INFO 21140 --- [FinalProject_Java-Service] [Test worker] .s.d.r.c.RepositoryConfigurationDelegate : Finished Spring Data repository scanning in 67 ms. Found 6 JPA repository interfaces.
2026-06-13T03:22:37.145+07:00  INFO 21140 --- [FinalProject_Java-Service] [Test worker] org.hibernate.orm.jpa                    : HHH008540: Processing PersistenceUnitInfo [name: default]
2026-06-13T03:22:37.247+07:00  INFO 21140 --- [FinalProject_Java-Service] [Test worker] org.hibernate.orm.core                   : HHH000001: Hibernate ORM core version 7.2.12.Final
2026-06-13T03:22:37.898+07:00  INFO 21140 --- [FinalProject_Java-Service] [Test worker] o.s.o.j.p.SpringPersistenceUnitInfo      : No LoadTimeWeaver setup: ignoring JPA class transformer
2026-06-13T03:22:37.946+07:00  INFO 21140 --- [FinalProject_Java-Service] [Test worker] com.zaxxer.hikari.HikariDataSource       : HikariPool-1 - Starting...
2026-06-13T03:22:38.189+07:00  INFO 21140 --- [FinalProject_Java-Service] [Test worker] com.zaxxer.hikari.pool.HikariPool        : HikariPool-1 - Added connection com.mysql.cj.jdbc.ConnectionImpl@362fd4e9
2026-06-13T03:22:38.192+07:00  INFO 21140 --- [FinalProject_Java-Service] [Test worker] com.zaxxer.hikari.HikariDataSource       : HikariPool-1 - Start completed.
2026-06-13T03:22:38.279+07:00  WARN 21140 --- [FinalProject_Java-Service] [Test worker] org.hibernate.orm.deprecation            : HHH90000025: MySQLDialect does not need to be specified explicitly using 'hibernate.dialect' (remove the property setting and it will be selected by default)
2026-06-13T03:22:38.302+07:00  INFO 21140 --- [FinalProject_Java-Service] [Test worker] org.hibernate.orm.connections.pooling    : HHH10001005: Database info:
	Database JDBC URL [jdbc:mysql://localhost:3306/finalproject_java_service?createDatabaseIfNotExist=true&useSSL=false&allowPublicKeyRetrieval=true&serverTimezone=Asia/Ho_Chi_Minh]
	Database driver: MySQL Connector/J
	Database dialect: MySQLDialect
	Database version: 8.0.44
	Default catalog/schema: finalproject_java_service/undefined
	Autocommit mode: undefined/unknown
	Isolation level: REPEATABLE_READ [default REPEATABLE_READ]
	JDBC fetch size: none
	Pool: DataSourceConnectionProvider
	Minimum pool size: undefined/unknown
	Maximum pool size: undefined/unknown
2026-06-13T03:22:39.491+07:00  INFO 21140 --- [FinalProject_Java-Service] [Test worker] org.hibernate.orm.core                   : HHH000489: No JTA platform available (set 'hibernate.transaction.jta.platform' to enable JTA platform integration)
2026-06-13T03:22:39.657+07:00  INFO 21140 --- [FinalProject_Java-Service] [Test worker] j.LocalContainerEntityManagerFactoryBean : Initialized JPA EntityManagerFactory for persistence unit 'default'
2026-06-13T03:22:39.754+07:00  INFO 21140 --- [FinalProject_Java-Service] [Test worker] o.s.d.j.r.query.QueryEnhancerFactories   : Hibernate is in classpath; If applicable, HQL parser will be used.
2026-06-13T03:22:40.067+07:00  INFO 21140 --- [FinalProject_Java-Service] [Test worker] r$InitializeUserDetailsManagerConfigurer : Global AuthenticationManager configured with UserDetailsService bean with name customUserDetailsService
2026-06-13T03:22:41.320+07:00  INFO 21140 --- [FinalProject_Java-Service] [Test worker] o.s.b.a.e.web.EndpointLinksResolver      : Exposing 1 endpoint beneath base path '/actuator'
2026-06-13T03:22:41.396+07:00  INFO 21140 --- [FinalProject_Java-Service] [Test worker] .FinalProjectJavaServiceApplicationTests : Started FinalProjectJavaServiceApplicationTests in 7.118 seconds (process running for 8.823)
2026-06-13T03:22:44.555+07:00  INFO 21140 --- [FinalProject_Java-Service] [SpringApplicationShutdownHook] j.LocalContainerEntityManagerFactoryBean : Closing JPA EntityManagerFactory for persistence unit 'default'
2026-06-13T03:22:44.561+07:00  INFO 21140 --- [FinalProject_Java-Service] [SpringApplicationShutdownHook] com.zaxxer.hikari.HikariDataSource       : HikariPool-1 - Shutdown initiated...
2026-06-13T03:22:44.573+07:00  INFO 21140 --- [FinalProject_Java-Service] [SpringApplicationShutdownHook] com.zaxxer.hikari.HikariDataSource       : HikariPool-1 - Shutdown completed.
2026-06-13T03:22:51.885+07:00  INFO 17616 --- [FinalProject_Java-Service] [main] r.e.f.FinalProjectJavaServiceApplication : Starting FinalProjectJavaServiceApplication using Java 17.0.18 with PID 17616 (C:\Users\OS\Documents\BTVN Java_Service\FinalProject_Java-Service\build\classes\java\main started by OS in C:\Users\OS\Documents\BTVN Java_Service\FinalProject_Java-Service)
2026-06-13T03:22:51.889+07:00  INFO 17616 --- [FinalProject_Java-Service] [main] r.e.f.FinalProjectJavaServiceApplication : No active profile set, falling back to 1 default profile: "default"
2026-06-13T03:22:52.615+07:00  INFO 17616 --- [FinalProject_Java-Service] [main] .s.d.r.c.RepositoryConfigurationDelegate : Bootstrapping Spring Data JPA repositories in DEFAULT mode.
2026-06-13T03:22:52.665+07:00  INFO 17616 --- [FinalProject_Java-Service] [main] .s.d.r.c.RepositoryConfigurationDelegate : Finished Spring Data repository scanning in 42 ms. Found 6 JPA repository interfaces.
2026-06-13T03:22:53.297+07:00  INFO 17616 --- [FinalProject_Java-Service] [main] o.s.boot.tomcat.TomcatWebServer          : Tomcat initialized with port 8080 (http)
2026-06-13T03:22:53.309+07:00  INFO 17616 --- [FinalProject_Java-Service] [main] o.apache.catalina.core.StandardService   : Starting service [Tomcat]
2026-06-13T03:22:53.310+07:00  INFO 17616 --- [FinalProject_Java-Service] [main] o.apache.catalina.core.StandardEngine    : Starting Servlet engine: [Apache Tomcat/11.0.21]
2026-06-13T03:22:53.368+07:00  INFO 17616 --- [FinalProject_Java-Service] [main] b.w.c.s.WebApplicationContextInitializer : Root WebApplicationContext: initialization completed in 1441 ms
2026-06-13T03:22:53.631+07:00  INFO 17616 --- [FinalProject_Java-Service] [main] org.hibernate.orm.jpa                    : HHH008540: Processing PersistenceUnitInfo [name: default]
2026-06-13T03:22:53.684+07:00  INFO 17616 --- [FinalProject_Java-Service] [main] org.hibernate.orm.core                   : HHH000001: Hibernate ORM core version 7.2.12.Final
2026-06-13T03:22:54.096+07:00  INFO 17616 --- [FinalProject_Java-Service] [main] o.s.o.j.p.SpringPersistenceUnitInfo      : No LoadTimeWeaver setup: ignoring JPA class transformer
2026-06-13T03:22:54.127+07:00  INFO 17616 --- [FinalProject_Java-Service] [main] com.zaxxer.hikari.HikariDataSource       : HikariPool-1 - Starting...
2026-06-13T03:22:54.258+07:00  INFO 17616 --- [FinalProject_Java-Service] [main] com.zaxxer.hikari.pool.HikariPool        : HikariPool-1 - Added connection com.mysql.cj.jdbc.ConnectionImpl@7aef21bb
2026-06-13T03:22:54.260+07:00  INFO 17616 --- [FinalProject_Java-Service] [main] com.zaxxer.hikari.HikariDataSource       : HikariPool-1 - Start completed.
2026-06-13T03:22:54.304+07:00  WARN 17616 --- [FinalProject_Java-Service] [main] org.hibernate.orm.deprecation            : HHH90000025: MySQLDialect does not need to be specified explicitly using 'hibernate.dialect' (remove the property setting and it will be selected by default)
2026-06-13T03:22:54.321+07:00  INFO 17616 --- [FinalProject_Java-Service] [main] org.hibernate.orm.connections.pooling    : HHH10001005: Database info:
	Database JDBC URL [jdbc:mysql://localhost:3306/finalproject_java_service?createDatabaseIfNotExist=true&useSSL=false&allowPublicKeyRetrieval=true&serverTimezone=Asia/Ho_Chi_Minh]
	Database driver: MySQL Connector/J
	Database dialect: MySQLDialect
	Database version: 8.0.44
	Default catalog/schema: finalproject_java_service/undefined
	Autocommit mode: undefined/unknown
	Isolation level: REPEATABLE_READ [default REPEATABLE_READ]
	JDBC fetch size: none
	Pool: DataSourceConnectionProvider
	Minimum pool size: undefined/unknown
	Maximum pool size: undefined/unknown
2026-06-13T03:22:55.278+07:00  INFO 17616 --- [FinalProject_Java-Service] [main] org.hibernate.orm.core                   : HHH000489: No JTA platform available (set 'hibernate.transaction.jta.platform' to enable JTA platform integration)
2026-06-13T03:22:55.353+07:00  INFO 17616 --- [FinalProject_Java-Service] [main] j.LocalContainerEntityManagerFactoryBean : Initialized JPA EntityManagerFactory for persistence unit 'default'
2026-06-13T03:22:55.424+07:00  INFO 17616 --- [FinalProject_Java-Service] [main] o.s.d.j.r.query.QueryEnhancerFactories   : Hibernate is in classpath; If applicable, HQL parser will be used.
2026-06-13T03:22:55.641+07:00  INFO 17616 --- [FinalProject_Java-Service] [main] r$InitializeUserDetailsManagerConfigurer : Global AuthenticationManager configured with UserDetailsService bean with name customUserDetailsService
2026-06-13T03:22:56.461+07:00  INFO 17616 --- [FinalProject_Java-Service] [main] o.s.b.a.e.web.EndpointLinksResolver      : Exposing 1 endpoint beneath base path '/actuator'
2026-06-13T03:22:56.556+07:00  INFO 17616 --- [FinalProject_Java-Service] [main] o.s.boot.tomcat.TomcatWebServer          : Tomcat started on port 8080 (http) with context path '/'
2026-06-13T03:22:56.562+07:00  INFO 17616 --- [FinalProject_Java-Service] [main] r.e.f.FinalProjectJavaServiceApplication : Started FinalProjectJavaServiceApplication in 5.096 seconds (process running for 5.683)
2026-06-13T03:22:57.425+07:00  INFO 17616 --- [FinalProject_Java-Service] [RMI TCP Connection(4)-192.168.1.70] o.a.c.c.C.[Tomcat].[localhost].[/]       : Initializing Spring DispatcherServlet 'dispatcherServlet'
2026-06-13T03:22:57.425+07:00  INFO 17616 --- [FinalProject_Java-Service] [RMI TCP Connection(4)-192.168.1.70] o.s.web.servlet.DispatcherServlet        : Initializing Servlet 'dispatcherServlet'
2026-06-13T03:22:57.427+07:00  INFO 17616 --- [FinalProject_Java-Service] [RMI TCP Connection(4)-192.168.1.70] o.s.web.servlet.DispatcherServlet        : Completed initialization in 2 ms
2026-06-13T03:23:41.147+07:00  INFO 17616 --- [FinalProject_Java-Service] [http-nio-8080-exec-1] r.e.f.config.LoggingAspect               : REQUEST AuthController.register(..) args=[RegisterRequest[username=sonnguyen, password=123456, email=sonseo15072006@gmail.com]]
2026-06-13T03:23:41.162+07:00 ERROR 17616 --- [FinalProject_Java-Service] [http-nio-8080-exec-1] r.e.f.config.LoggingAspect               : EXCEPTION AuthController.register(..) in 17 ms: ra.edu.finalproject_javaservice.exception.ConflictException: Username already exists
2026-06-13T03:24:25.067+07:00  INFO 17616 --- [FinalProject_Java-Service] [http-nio-8080-exec-3] r.e.f.config.LoggingAspect               : REQUEST AuthController.register(..) args=[RegisterRequest[username=thanhcualo, password=123456, email=sonseo15072006@gmail.com]]
2026-06-13T03:24:25.076+07:00 ERROR 17616 --- [FinalProject_Java-Service] [http-nio-8080-exec-3] r.e.f.config.LoggingAspect               : EXCEPTION AuthController.register(..) in 9 ms: ra.edu.finalproject_javaservice.exception.ConflictException: Email already exists
2026-06-13T03:24:42.424+07:00  INFO 17616 --- [FinalProject_Java-Service] [http-nio-8080-exec-4] r.e.f.config.LoggingAspect               : REQUEST AuthController.register(..) args=[RegisterRequest[username=thanhcualo, password=123456, email=thanh@gmail.com]]
2026-06-13T03:24:42.944+07:00  INFO 17616 --- [FinalProject_Java-Service] [http-nio-8080-exec-4] r.e.f.config.LoggingAspect               : RESPONSE AuthController.register(..) in 520 ms payload=ApiResponse[success=true, message=Register successfully, data=AuthResponse[accessToken=eyJhbGciOiJIUzI1NiJ9.eyJzdWIiOiJ0aGFuaGN1YWxvIiwidWlkIjo4LCJyb2xlIjoiU1RVREVOVCIsInR5cGUiOiJhY2Nlc3MiLCJpYXQiOjE3ODEyOTU4ODIsImV4cCI6MTc4MTI5NzY4Mn0.elKioQzWk-uwadGOdNy0oQXA26XtGO09M-ZcAXpImM8, refreshToken=1a1c143d-90de-48b8-a362-741b9605646f, role=STUDENT, userId=8, username=thanhcualo, email=thanh@gmail.com], errors=null]
2026-06-13T03:25:57.913+07:00  INFO 17616 --- [FinalProject_Java-Service] [http-nio-8080-exec-7] r.e.f.config.LoggingAspect               : REQUEST AuthController.login(..) args=[AuthRequest[username=thanhcualo, password=123456]]
2026-06-13T03:25:58.171+07:00  INFO 17616 --- [FinalProject_Java-Service] [http-nio-8080-exec-7] r.e.f.config.LoggingAspect               : RESPONSE AuthController.login(..) in 260 ms payload=ApiResponse[success=true, message=Login successfully, data=AuthResponse[accessToken=eyJhbGciOiJIUzI1NiJ9.eyJzdWIiOiJ0aGFuaGN1YWxvIiwidWlkIjo4LCJyb2xlIjoiU1RVREVOVCIsInR5cGUiOiJhY2Nlc3MiLCJpYXQiOjE3ODEyOTU5NTgsImV4cCI6MTc4MTI5Nzc1OH0.NJrKxvqG_uAFUsABEaOohZh4tbPTtAaKDPZIocZtHK8, refreshToken=cc76db14-8321-4d62-9f71-85446f1e0948, role=STUDENT, userId=8, username=thanhcualo, email=thanh@gmail.com], errors=null]
2026-06-13T03:26:17.901+07:00  INFO 17616 --- [FinalProject_Java-Service] [http-nio-8080-exec-8] r.e.f.config.LoggingAspect               : REQUEST AuthController.refresh(..) args=[RefreshRequest[refreshToken=cc76db14-8321-4d62-9f71-85446f1e0948]]
2026-06-13T03:26:17.921+07:00  INFO 17616 --- [FinalProject_Java-Service] [http-nio-8080-exec-8] r.e.f.config.LoggingAspect               : RESPONSE AuthController.refresh(..) in 21 ms payload=ApiResponse[success=true, message=Token refreshed successfully, data=AuthResponse[accessToken=eyJhbGciOiJIUzI1NiJ9.eyJzdWIiOiJ0aGFuaGN1YWxvIiwidWlkIjo4LCJyb2xlIjoiU1RVREVOVCIsInR5cGUiOiJhY2Nlc3MiLCJpYXQiOjE3ODEyOTU5NzcsImV4cCI6MTc4MTI5Nzc3N30.kPVLBiCVce_nFzx--R22VkYtU-s3dITD7YXvIStKyZY, refreshToken=5e01a5ab-6afe-410c-b221-d8dc90f406b4, role=STUDENT, userId=8, username=thanhcualo, email=thanh@gmail.com], errors=null]
2026-06-13T03:26:32.374+07:00  INFO 17616 --- [FinalProject_Java-Service] [http-nio-8080-exec-9] r.e.f.config.LoggingAspect               : REQUEST AuthController.refresh(..) args=[RefreshRequest[refreshToken=cc76db14-8321-4d62-9f71-85446f1e0948]]
2026-06-13T03:26:32.377+07:00 ERROR 17616 --- [FinalProject_Java-Service] [http-nio-8080-exec-9] r.e.f.config.LoggingAspect               : EXCEPTION AuthController.refresh(..) in 3 ms: ra.edu.finalproject_javaservice.exception.BadRequestException: Invalid refresh token
2026-06-13T03:27:30.386+07:00  INFO 17616 --- [FinalProject_Java-Service] [http-nio-8080-exec-2] r.e.f.config.LoggingAspect               : REQUEST AuthController.logout(..) args=[Bearer eyJhbGciOiJIUzI1NiJ9.eyJzdWIiOiJ0aGFuaGN1YWxvIiwidWlkIjo4LCJyb2xlIjoiU1RVREVOVCIsInR5cGUiOiJhY2Nlc3MiLCJpYXQiOjE3ODEyOTU5NzcsImV4cCI6MTc4MTI5Nzc3N30.kPVLBiCVce_nFzx--R22VkYtU-s3dITD7YXvIStKyZY, LogoutRequest[refreshToken=5e01a5ab-6afe-410c-b221-d8dc90f406b4]]
2026-06-13T03:27:30.415+07:00  INFO 17616 --- [FinalProject_Java-Service] [http-nio-8080-exec-2] r.e.f.config.LoggingAspect               : RESPONSE AuthController.logout(..) in 30 ms payload=ApiResponse[success=true, message=Logout successfully, data=null, errors=null]
2026-06-13T03:29:27.516+07:00  INFO 17616 --- [FinalProject_Java-Service] [http-nio-8080-exec-4] r.e.f.config.LoggingAspect               : REQUEST AuthController.login(..) args=[AuthRequest[username=admin, password=admin123]]
2026-06-13T03:29:27.651+07:00  INFO 17616 --- [FinalProject_Java-Service] [http-nio-8080-exec-4] r.e.f.config.LoggingAspect               : RESPONSE AuthController.login(..) in 135 ms payload=ApiResponse[success=true, message=Login successfully, data=AuthResponse[accessToken=eyJhbGciOiJIUzI1NiJ9.eyJzdWIiOiJhZG1pbiIsInVpZCI6MSwicm9sZSI6IkFETUlOIiwidHlwZSI6ImFjY2VzcyIsImlhdCI6MTc4MTI5NjE2NywiZXhwIjoxNzgxMjk3OTY3fQ.s9v4UWEBK9C0WatQYPbYgmx5TCynrkMJvlKJerDdfGk, refreshToken=92ff5a0a-05b7-4b1d-b94d-24a0918a9c95, role=ADMIN, userId=1, username=admin, email=admin@gmail.com], errors=null]
2026-06-13T03:30:40.357+07:00  INFO 17616 --- [FinalProject_Java-Service] [http-nio-8080-exec-7] r.e.f.config.LoggingAspect               : REQUEST AdminController.users(..) args=[null, 0, 10]
2026-06-13T03:30:40.394+07:00  INFO 17616 --- [FinalProject_Java-Service] [http-nio-8080-exec-7] r.e.f.config.LoggingAspect               : RESPONSE AdminController.users(..) in 37 ms payload=ApiResponse[success=true, message=Success, data=Page 1 of 1 containing ra.edu.finalproject_javaservice.dto.UserResponse instances, errors=null]
2026-06-13T03:30:40.398+07:00  WARN 17616 --- [FinalProject_Java-Service] [http-nio-8080-exec-7] ration$PageModule$WarningLoggingModifier : Serializing PageImpl instances as-is is not supported, meaning that there is no guarantee about the stability of the resulting JSON structure!
	For a stable JSON structure, please use Spring Data's PagedModel (globally via @EnableSpringDataWebSupport(pageSerializationMode = VIA_DTO))
	or Spring HATEOAS and Spring Data's PagedResourcesAssembler as documented in https://docs.spring.io/spring-data/commons/reference/repositories/core-extensions.html#core.web.pageables.

2026-06-13T03:32:59.276+07:00  INFO 17616 --- [FinalProject_Java-Service] [http-nio-8080-exec-10] r.e.f.config.LoggingAspect               : REQUEST AdminController.createUser(..) args=[CreateUserRequest[username=teacher1, password=123456, email=teacher@gmail.com, role=LECTURER]]
2026-06-13T03:32:59.408+07:00  INFO 17616 --- [FinalProject_Java-Service] [http-nio-8080-exec-10] r.e.f.config.LoggingAspect               : RESPONSE AdminController.createUser(..) in 132 ms payload=ApiResponse[success=true, message=Created, data=UserResponse[id=9, username=teacher1, email=teacher@gmail.com, role=LECTURER, active=true], errors=null]
2026-06-13T03:33:20.656+07:00  INFO 17616 --- [FinalProject_Java-Service] [http-nio-8080-exec-2] r.e.f.config.LoggingAspect               : REQUEST AdminController.users(..) args=[null, 0, 10]
2026-06-13T03:33:20.663+07:00  INFO 17616 --- [FinalProject_Java-Service] [http-nio-8080-exec-2] r.e.f.config.LoggingAspect               : RESPONSE AdminController.users(..) in 7 ms payload=ApiResponse[success=true, message=Success, data=Page 1 of 1 containing ra.edu.finalproject_javaservice.dto.UserResponse instances, errors=null]
2026-06-13T03:34:48.624+07:00  INFO 17616 --- [FinalProject_Java-Service] [http-nio-8080-exec-5] r.e.f.config.LoggingAspect               : REQUEST AdminController.deleteUser(..) args=[1]
2026-06-13T03:34:48.661+07:00  INFO 17616 --- [FinalProject_Java-Service] [http-nio-8080-exec-5] r.e.f.config.LoggingAspect               : RESPONSE AdminController.deleteUser(..) in 37 ms payload=ApiResponse[success=true, message=Deleted, data=null, errors=null]
2026-06-13T03:39:22.369+07:00  INFO 17616 --- [FinalProject_Java-Service] [http-nio-8080-exec-10] r.e.f.config.LoggingAspect               : REQUEST AuthController.login(..) args=[AuthRequest[username=admin, password=admin123]]
2026-06-13T03:39:22.488+07:00 ERROR 17616 --- [FinalProject_Java-Service] [http-nio-8080-exec-10] r.e.f.config.LoggingAspect               : EXCEPTION AuthController.login(..) in 119 ms: org.springframework.security.authentication.BadCredentialsException: Bad credentials
2026-06-13T03:39:25.784+07:00  INFO 17616 --- [FinalProject_Java-Service] [SpringApplicationShutdownHook] o.s.boot.tomcat.GracefulShutdown         : Commencing graceful shutdown. Waiting for active requests to complete
2026-06-13T03:39:25.959+07:00  INFO 17616 --- [FinalProject_Java-Service] [tomcat-shutdown] o.s.boot.tomcat.GracefulShutdown         : Graceful shutdown complete
2026-06-13T03:39:25.966+07:00  INFO 17616 --- [FinalProject_Java-Service] [SpringApplicationShutdownHook] j.LocalContainerEntityManagerFactoryBean : Closing JPA EntityManagerFactory for persistence unit 'default'
2026-06-13T03:39:25.969+07:00  INFO 17616 --- [FinalProject_Java-Service] [SpringApplicationShutdownHook] com.zaxxer.hikari.HikariDataSource       : HikariPool-1 - Shutdown initiated...
2026-06-13T03:39:25.974+07:00  INFO 17616 --- [FinalProject_Java-Service] [SpringApplicationShutdownHook] com.zaxxer.hikari.HikariDataSource       : HikariPool-1 - Shutdown completed.
2026-06-13T03:39:32.164+07:00  INFO 27872 --- [FinalProject_Java-Service] [main] r.e.f.FinalProjectJavaServiceApplication : Starting FinalProjectJavaServiceApplication using Java 17.0.18 with PID 27872 (C:\Users\OS\Documents\BTVN Java_Service\FinalProject_Java-Service\build\classes\java\main started by OS in C:\Users\OS\Documents\BTVN Java_Service\FinalProject_Java-Service)
2026-06-13T03:39:32.167+07:00  INFO 27872 --- [FinalProject_Java-Service] [main] r.e.f.FinalProjectJavaServiceApplication : No active profile set, falling back to 1 default profile: "default"
2026-06-13T03:39:33.001+07:00  INFO 27872 --- [FinalProject_Java-Service] [main] .s.d.r.c.RepositoryConfigurationDelegate : Bootstrapping Spring Data JPA repositories in DEFAULT mode.
2026-06-13T03:39:33.060+07:00  INFO 27872 --- [FinalProject_Java-Service] [main] .s.d.r.c.RepositoryConfigurationDelegate : Finished Spring Data repository scanning in 51 ms. Found 6 JPA repository interfaces.
2026-06-13T03:39:33.718+07:00  INFO 27872 --- [FinalProject_Java-Service] [main] o.s.boot.tomcat.TomcatWebServer          : Tomcat initialized with port 8080 (http)
2026-06-13T03:39:33.737+07:00  INFO 27872 --- [FinalProject_Java-Service] [main] o.apache.catalina.core.StandardService   : Starting service [Tomcat]
2026-06-13T03:39:33.738+07:00  INFO 27872 --- [FinalProject_Java-Service] [main] o.apache.catalina.core.StandardEngine    : Starting Servlet engine: [Apache Tomcat/11.0.21]
2026-06-13T03:39:33.792+07:00  INFO 27872 --- [FinalProject_Java-Service] [main] b.w.c.s.WebApplicationContextInitializer : Root WebApplicationContext: initialization completed in 1583 ms
2026-06-13T03:39:34.053+07:00  INFO 27872 --- [FinalProject_Java-Service] [main] org.hibernate.orm.jpa                    : HHH008540: Processing PersistenceUnitInfo [name: default]
2026-06-13T03:39:34.153+07:00  INFO 27872 --- [FinalProject_Java-Service] [main] org.hibernate.orm.core                   : HHH000001: Hibernate ORM core version 7.2.12.Final
2026-06-13T03:39:34.939+07:00  INFO 27872 --- [FinalProject_Java-Service] [main] o.s.o.j.p.SpringPersistenceUnitInfo      : No LoadTimeWeaver setup: ignoring JPA class transformer
2026-06-13T03:39:35.005+07:00  INFO 27872 --- [FinalProject_Java-Service] [main] com.zaxxer.hikari.HikariDataSource       : HikariPool-1 - Starting...
2026-06-13T03:39:35.276+07:00  INFO 27872 --- [FinalProject_Java-Service] [main] com.zaxxer.hikari.pool.HikariPool        : HikariPool-1 - Added connection com.mysql.cj.jdbc.ConnectionImpl@66e218d8
2026-06-13T03:39:35.280+07:00  INFO 27872 --- [FinalProject_Java-Service] [main] com.zaxxer.hikari.HikariDataSource       : HikariPool-1 - Start completed.
2026-06-13T03:39:35.363+07:00  WARN 27872 --- [FinalProject_Java-Service] [main] org.hibernate.orm.deprecation            : HHH90000025: MySQLDialect does not need to be specified explicitly using 'hibernate.dialect' (remove the property setting and it will be selected by default)
2026-06-13T03:39:35.393+07:00  INFO 27872 --- [FinalProject_Java-Service] [main] org.hibernate.orm.connections.pooling    : HHH10001005: Database info:
	Database JDBC URL [jdbc:mysql://localhost:3306/finalproject_java_service?createDatabaseIfNotExist=true&useSSL=false&allowPublicKeyRetrieval=true&serverTimezone=Asia/Ho_Chi_Minh]
	Database driver: MySQL Connector/J
	Database dialect: MySQLDialect
	Database version: 8.0.44
	Default catalog/schema: finalproject_java_service/undefined
	Autocommit mode: undefined/unknown
	Isolation level: REPEATABLE_READ [default REPEATABLE_READ]
	JDBC fetch size: none
	Pool: DataSourceConnectionProvider
	Minimum pool size: undefined/unknown
	Maximum pool size: undefined/unknown
2026-06-13T03:39:37.148+07:00  INFO 27872 --- [FinalProject_Java-Service] [main] org.hibernate.orm.core                   : HHH000489: No JTA platform available (set 'hibernate.transaction.jta.platform' to enable JTA platform integration)
2026-06-13T03:39:37.271+07:00  INFO 27872 --- [FinalProject_Java-Service] [main] j.LocalContainerEntityManagerFactoryBean : Initialized JPA EntityManagerFactory for persistence unit 'default'
2026-06-13T03:39:37.420+07:00  INFO 27872 --- [FinalProject_Java-Service] [main] o.s.d.j.r.query.QueryEnhancerFactories   : Hibernate is in classpath; If applicable, HQL parser will be used.
2026-06-13T03:39:37.810+07:00  INFO 27872 --- [FinalProject_Java-Service] [main] r$InitializeUserDetailsManagerConfigurer : Global AuthenticationManager configured with UserDetailsService bean with name customUserDetailsService
2026-06-13T03:39:39.288+07:00  INFO 27872 --- [FinalProject_Java-Service] [main] o.s.b.a.e.web.EndpointLinksResolver      : Exposing 1 endpoint beneath base path '/actuator'
2026-06-13T03:39:39.426+07:00  INFO 27872 --- [FinalProject_Java-Service] [main] o.s.boot.tomcat.TomcatWebServer          : Tomcat started on port 8080 (http) with context path '/'
2026-06-13T03:39:39.438+07:00  INFO 27872 --- [FinalProject_Java-Service] [main] r.e.f.FinalProjectJavaServiceApplication : Started FinalProjectJavaServiceApplication in 7.809 seconds (process running for 8.357)
2026-06-13T03:39:40.421+07:00  INFO 27872 --- [FinalProject_Java-Service] [http-nio-8080-exec-2] o.a.c.c.C.[Tomcat].[localhost].[/]       : Initializing Spring DispatcherServlet 'dispatcherServlet'
2026-06-13T03:39:40.422+07:00  INFO 27872 --- [FinalProject_Java-Service] [http-nio-8080-exec-2] o.s.web.servlet.DispatcherServlet        : Initializing Servlet 'dispatcherServlet'
2026-06-13T03:39:40.425+07:00  INFO 27872 --- [FinalProject_Java-Service] [http-nio-8080-exec-2] o.s.web.servlet.DispatcherServlet        : Completed initialization in 3 ms
2026-06-13T03:39:40.730+07:00  INFO 27872 --- [FinalProject_Java-Service] [http-nio-8080-exec-2] r.e.f.config.LoggingAspect               : REQUEST AuthController.login(..) args=[AuthRequest[username=admin, password=admin123]]
2026-06-13T03:39:41.243+07:00  INFO 27872 --- [FinalProject_Java-Service] [http-nio-8080-exec-2] r.e.f.config.LoggingAspect               : RESPONSE AuthController.login(..) in 519 ms payload=ApiResponse[success=true, message=Login successfully, data=AuthResponse[accessToken=eyJhbGciOiJIUzI1NiJ9.eyJzdWIiOiJhZG1pbiIsInVpZCI6MTAsInJvbGUiOiJBRE1JTiIsInR5cGUiOiJhY2Nlc3MiLCJpYXQiOjE3ODEyOTY3ODEsImV4cCI6MTc4MTI5ODU4MX0.ApUvlWQ1IXZXcTU9mGn77Gl-7_XP1RHMzxIj-_8S94Y, refreshToken=4c6bdf39-ab5a-4832-aa71-ef8506ff362e, role=ADMIN, userId=10, username=admin, email=admin@gmail.com], errors=null]
2026-06-13T03:40:07.340+07:00  INFO 27872 --- [FinalProject_Java-Service] [http-nio-8080-exec-3] r.e.f.config.LoggingAspect               : REQUEST AdminController.deleteUser(..) args=[3]
2026-06-13T03:40:07.406+07:00  WARN 27872 --- [FinalProject_Java-Service] [http-nio-8080-exec-3] org.hibernate.orm.jdbc.error             : HHH000247: ErrorCode: 1451, SQLState: 23000
2026-06-13T03:40:07.407+07:00  WARN 27872 --- [FinalProject_Java-Service] [http-nio-8080-exec-3] org.hibernate.orm.jdbc.error             : Cannot delete or update a parent row: a foreign key constraint fails (`finalproject_java_service`.`submission`, CONSTRAINT `FKjlg2bff2kbwi7yof7yc7fbokn` FOREIGN KEY (`student_id`) REFERENCES `users` (`id`))
2026-06-13T03:40:07.419+07:00 ERROR 27872 --- [FinalProject_Java-Service] [http-nio-8080-exec-3] r.e.f.config.LoggingAspect               : EXCEPTION AdminController.deleteUser(..) in 79 ms: org.springframework.dao.DataIntegrityViolationException: could not execute statement [Cannot delete or update a parent row: a foreign key constraint fails (`finalproject_java_service`.`submission`, CONSTRAINT `FKjlg2bff2kbwi7yof7yc7fbokn` FOREIGN KEY (`student_id`) REFERENCES `users` (`id`))] [delete from users where id=?]; SQL [delete from users where id=?]; constraint [FKjlg2bff2kbwi7yof7yc7fbokn]
2026-06-13T03:42:36.205+07:00  INFO 27872 --- [FinalProject_Java-Service] [http-nio-8080-exec-6] r.e.f.config.LoggingAspect               : REQUEST AdminController.updateUser(..) args=[1, UpdateUserRequest[email=newmail@gmail.com, active=true]]
2026-06-13T03:42:36.209+07:00 ERROR 27872 --- [FinalProject_Java-Service] [http-nio-8080-exec-6] r.e.f.config.LoggingAspect               : EXCEPTION AdminController.updateUser(..) in 4 ms: ra.edu.finalproject_javaservice.exception.NotFoundException: User not found
2026-06-13T03:42:43.910+07:00  INFO 27872 --- [FinalProject_Java-Service] [http-nio-8080-exec-7] r.e.f.config.LoggingAspect               : REQUEST AdminController.updateUser(..) args=[2, UpdateUserRequest[email=newmail@gmail.com, active=true]]
2026-06-13T03:42:43.927+07:00  INFO 27872 --- [FinalProject_Java-Service] [http-nio-8080-exec-7] r.e.f.config.LoggingAspect               : RESPONSE AdminController.updateUser(..) in 17 ms payload=ApiResponse[success=true, message=Updated, data=UserResponse[id=2, username=lecturer, email=newmail@gmail.com, role=LECTURER, active=true], errors=null]
2026-06-13T03:46:23.386+07:00  INFO 27872 --- [FinalProject_Java-Service] [http-nio-8080-exec-10] r.e.f.config.LoggingAspect               : REQUEST AdminController.updateUser(..) args=[2, UpdateUserRequest[email=newmail@gmail.com, active=true]]
2026-06-13T03:46:23.394+07:00  INFO 27872 --- [FinalProject_Java-Service] [http-nio-8080-exec-10] r.e.f.config.LoggingAspect               : RESPONSE AdminController.updateUser(..) in 8 ms payload=ApiResponse[success=true, message=Updated, data=UserResponse[id=2, username=lecturer, email=newmail@gmail.com, role=LECTURER, active=true], errors=null]
2026-06-13T03:47:04.827+07:00  INFO 27872 --- [FinalProject_Java-Service] [http-nio-8080-exec-1] r.e.f.config.LoggingAspect               : REQUEST AdminController.courses(..) args=[null, 0, 10]
2026-06-13T03:47:04.857+07:00  INFO 27872 --- [FinalProject_Java-Service] [http-nio-8080-exec-1] r.e.f.config.LoggingAspect               : RESPONSE AdminController.courses(..) in 30 ms payload=ApiResponse[success=true, message=Success, data=Page 1 of 1 containing ra.edu.finalproject_javaservice.dto.CourseResponse instances, errors=null]
2026-06-13T03:47:04.862+07:00  WARN 27872 --- [FinalProject_Java-Service] [http-nio-8080-exec-1] ration$PageModule$WarningLoggingModifier : Serializing PageImpl instances as-is is not supported, meaning that there is no guarantee about the stability of the resulting JSON structure!
	For a stable JSON structure, please use Spring Data's PagedModel (globally via @EnableSpringDataWebSupport(pageSerializationMode = VIA_DTO))
	or Spring HATEOAS and Spring Data's PagedResourcesAssembler as documented in https://docs.spring.io/spring-data/commons/reference/repositories/core-extensions.html#core.web.pageables.

2026-06-13T03:48:48.232+07:00  INFO 27872 --- [FinalProject_Java-Service] [http-nio-8080-exec-4] r.e.f.config.LoggingAspect               : REQUEST AdminController.createCourse(..) args=[CreateCourseRequest[courseCode=C++, courseName=Cau truc du lieu giai thuat, credit=5]]
2026-06-13T03:48:48.255+07:00  INFO 27872 --- [FinalProject_Java-Service] [http-nio-8080-exec-4] r.e.f.config.LoggingAspect               : RESPONSE AdminController.createCourse(..) in 25 ms payload=ApiResponse[success=true, message=Created, data=CourseResponse[id=3, courseCode=C++, courseName=Cau truc du lieu giai thuat, credit=5], errors=null]
2026-06-13T03:50:08.679+07:00  INFO 27872 --- [FinalProject_Java-Service] [http-nio-8080-exec-7] r.e.f.config.LoggingAspect               : REQUEST AdminController.updateCourse(..) args=[3, UpdateCourseRequest[courseCode=JAVA102, courseName=Advanced Java, credit=4]]
2026-06-13T03:50:08.697+07:00  INFO 27872 --- [FinalProject_Java-Service] [http-nio-8080-exec-7] r.e.f.config.LoggingAspect               : RESPONSE AdminController.updateCourse(..) in 19 ms payload=ApiResponse[success=true, message=Updated, data=CourseResponse[id=3, courseCode=JAVA102, courseName=Advanced Java, credit=4], errors=null]
2026-06-13T03:52:13.889+07:00  INFO 27872 --- [FinalProject_Java-Service] [http-nio-8080-exec-10] r.e.f.config.LoggingAspect               : REQUEST AdminController.deleteCourse(..) args=[1]
2026-06-13T03:52:13.898+07:00  WARN 27872 --- [FinalProject_Java-Service] [http-nio-8080-exec-10] org.hibernate.orm.jdbc.error             : HHH000247: ErrorCode: 1451, SQLState: 23000
2026-06-13T03:52:13.898+07:00  WARN 27872 --- [FinalProject_Java-Service] [http-nio-8080-exec-10] org.hibernate.orm.jdbc.error             : Cannot delete or update a parent row: a foreign key constraint fails (`finalproject_java_service`.`enrollment`, CONSTRAINT `FKbhhcqkw1px6yljqg92m0sh2gt` FOREIGN KEY (`course_id`) REFERENCES `course` (`id`))
2026-06-13T03:52:13.902+07:00 ERROR 27872 --- [FinalProject_Java-Service] [http-nio-8080-exec-10] r.e.f.config.LoggingAspect               : EXCEPTION AdminController.deleteCourse(..) in 13 ms: org.springframework.dao.DataIntegrityViolationException: could not execute statement [Cannot delete or update a parent row: a foreign key constraint fails (`finalproject_java_service`.`enrollment`, CONSTRAINT `FKbhhcqkw1px6yljqg92m0sh2gt` FOREIGN KEY (`course_id`) REFERENCES `course` (`id`))] [delete from course where id=?]; SQL [delete from course where id=?]; constraint [FKbhhcqkw1px6yljqg92m0sh2gt]
2026-06-13T03:55:00.691+07:00  INFO 27872 --- [FinalProject_Java-Service] [http-nio-8080-exec-3] r.e.f.config.LoggingAspect               : REQUEST AdminController.deleteCourse(..) args=[3]
2026-06-13T03:55:00.714+07:00  INFO 27872 --- [FinalProject_Java-Service] [http-nio-8080-exec-3] r.e.f.config.LoggingAspect               : RESPONSE AdminController.deleteCourse(..) in 23 ms payload=ApiResponse[success=true, message=Deleted, data=null, errors=null]
2026-06-13T03:55:46.345+07:00  INFO 27872 --- [FinalProject_Java-Service] [http-nio-8080-exec-4] r.e.f.config.LoggingAspect               : REQUEST AuthController.login(..) args=[AuthRequest[username=sonnguyen, password=123456]]
2026-06-13T03:55:46.466+07:00 ERROR 27872 --- [FinalProject_Java-Service] [http-nio-8080-exec-4] r.e.f.config.LoggingAspect               : EXCEPTION AuthController.login(..) in 121 ms: org.springframework.security.authentication.BadCredentialsException: Bad credentials
2026-06-13T03:55:49.774+07:00  INFO 27872 --- [FinalProject_Java-Service] [http-nio-8080-exec-6] r.e.f.config.LoggingAspect               : REQUEST AuthController.login(..) args=[AuthRequest[username=sonnguyen, password=123456]]
2026-06-13T03:55:49.897+07:00 ERROR 27872 --- [FinalProject_Java-Service] [http-nio-8080-exec-6] r.e.f.config.LoggingAspect               : EXCEPTION AuthController.login(..) in 123 ms: org.springframework.security.authentication.BadCredentialsException: Bad credentials
2026-06-13T03:55:53.204+07:00  INFO 27872 --- [FinalProject_Java-Service] [http-nio-8080-exec-8] r.e.f.config.LoggingAspect               : REQUEST AuthController.login(..) args=[AuthRequest[username=sonnguyen, password=sondz1]]
2026-06-13T03:55:53.345+07:00  INFO 27872 --- [FinalProject_Java-Service] [http-nio-8080-exec-8] r.e.f.config.LoggingAspect               : RESPONSE AuthController.login(..) in 142 ms payload=ApiResponse[success=true, message=Login successfully, data=AuthResponse[accessToken=eyJhbGciOiJIUzI1NiJ9.eyJzdWIiOiJzb25uZ3V5ZW4iLCJ1aWQiOjcsInJvbGUiOiJTVFVERU5UIiwidHlwZSI6ImFjY2VzcyIsImlhdCI6MTc4MTI5Nzc1MywiZXhwIjoxNzgxMjk5NTUzfQ.34V9-pPvCtSjO9rNFPxrhzw2KxwaC320BwoyIszTeZY, refreshToken=fa5d9b5b-fc59-4e8b-9565-3a330052b19e, role=STUDENT, userId=7, username=sonnguyen, email=sonseo15072006@gmail.com], errors=null]
2026-06-13T03:56:20.890+07:00  INFO 27872 --- [FinalProject_Java-Service] [http-nio-8080-exec-9] r.e.f.config.LoggingAspect               : REQUEST StudentController.enroll(..) args=[EnrollCourseRequest[courseId=2]]
2026-06-13T03:56:20.950+07:00  INFO 27872 --- [FinalProject_Java-Service] [http-nio-8080-exec-9] r.e.f.config.LoggingAspect               : RESPONSE StudentController.enroll(..) in 62 ms payload=ApiResponse[success=true, message=Enrolled successfully, data=null, errors=null]
2026-06-13T03:57:29.497+07:00  WARN 27872 --- [FinalProject_Java-Service] [http-nio-8080-exec-3] .w.s.m.s.DefaultHandlerExceptionResolver : Resolved [org.springframework.web.HttpMediaTypeNotSupportedException: Content-Type is not supported]
2026-06-13T03:58:50.530+07:00  WARN 27872 --- [FinalProject_Java-Service] [http-nio-8080-exec-6] .w.s.m.s.DefaultHandlerExceptionResolver : Resolved [org.springframework.web.HttpMediaTypeNotSupportedException: Content-Type is not supported]
2026-06-13T03:58:51.829+07:00  WARN 27872 --- [FinalProject_Java-Service] [http-nio-8080-exec-7] .w.s.m.s.DefaultHandlerExceptionResolver : Resolved [org.springframework.web.HttpMediaTypeNotSupportedException: Content-Type is not supported]
2026-06-13T03:59:10.183+07:00  INFO 27872 --- [FinalProject_Java-Service] [http-nio-8080-exec-8] r.e.f.config.LoggingAspect               : REQUEST StudentController.uploadForCourse(..) args=[2, org.springframework.web.multipart.support.StandardMultipartHttpServletRequest$StandardMultipartFile@29b988e1]
2026-06-13T03:59:13.332+07:00  INFO 27872 --- [FinalProject_Java-Service] [http-nio-8080-exec-8] r.e.f.config.LoggingAspect               : RESPONSE StudentController.uploadForCourse(..) in 3149 ms payload=ApiResponse[success=true, message=Uploaded successfully, data=SubmissionResponse[id=2, courseId=2, studentId=7, reportUrl=https://res.cloudinary.com/dcew6wv4a/raw/upload/v1781297951/finalproject/submissions/qazmfopqmyv2xegn0f2d, score=null, feedback=null, status=SUBMITTED], errors=null]
2026-06-13T03:59:33.114+07:00  INFO 27872 --- [FinalProject_Java-Service] [SpringApplicationShutdownHook] o.s.boot.tomcat.GracefulShutdown         : Commencing graceful shutdown. Waiting for active requests to complete
2026-06-13T03:59:33.290+07:00  INFO 27872 --- [FinalProject_Java-Service] [tomcat-shutdown] o.s.boot.tomcat.GracefulShutdown         : Graceful shutdown complete
2026-06-13T03:59:33.297+07:00  INFO 27872 --- [FinalProject_Java-Service] [SpringApplicationShutdownHook] j.LocalContainerEntityManagerFactoryBean : Closing JPA EntityManagerFactory for persistence unit 'default'
2026-06-13T03:59:33.299+07:00  INFO 27872 --- [FinalProject_Java-Service] [SpringApplicationShutdownHook] com.zaxxer.hikari.HikariDataSource       : HikariPool-1 - Shutdown initiated...
2026-06-13T03:59:33.304+07:00  INFO 27872 --- [FinalProject_Java-Service] [SpringApplicationShutdownHook] com.zaxxer.hikari.HikariDataSource       : HikariPool-1 - Shutdown completed.
2026-06-13T03:59:38.261+07:00  INFO 11112 --- [FinalProject_Java-Service] [main] r.e.f.FinalProjectJavaServiceApplication : Starting FinalProjectJavaServiceApplication using Java 17.0.18 with PID 11112 (C:\Users\OS\Documents\BTVN Java_Service\FinalProject_Java-Service\build\classes\java\main started by OS in C:\Users\OS\Documents\BTVN Java_Service\FinalProject_Java-Service)
2026-06-13T03:59:38.264+07:00  INFO 11112 --- [FinalProject_Java-Service] [main] r.e.f.FinalProjectJavaServiceApplication : No active profile set, falling back to 1 default profile: "default"
2026-06-13T03:59:39.001+07:00  INFO 11112 --- [FinalProject_Java-Service] [main] .s.d.r.c.RepositoryConfigurationDelegate : Bootstrapping Spring Data JPA repositories in DEFAULT mode.
2026-06-13T03:59:39.052+07:00  INFO 11112 --- [FinalProject_Java-Service] [main] .s.d.r.c.RepositoryConfigurationDelegate : Finished Spring Data repository scanning in 45 ms. Found 6 JPA repository interfaces.
2026-06-13T03:59:39.649+07:00  INFO 11112 --- [FinalProject_Java-Service] [main] o.s.boot.tomcat.TomcatWebServer          : Tomcat initialized with port 8080 (http)
2026-06-13T03:59:39.665+07:00  INFO 11112 --- [FinalProject_Java-Service] [main] o.apache.catalina.core.StandardService   : Starting service [Tomcat]
2026-06-13T03:59:39.665+07:00  INFO 11112 --- [FinalProject_Java-Service] [main] o.apache.catalina.core.StandardEngine    : Starting Servlet engine: [Apache Tomcat/11.0.21]
2026-06-13T03:59:39.715+07:00  INFO 11112 --- [FinalProject_Java-Service] [main] b.w.c.s.WebApplicationContextInitializer : Root WebApplicationContext: initialization completed in 1413 ms
2026-06-13T03:59:39.936+07:00  INFO 11112 --- [FinalProject_Java-Service] [main] org.hibernate.orm.jpa                    : HHH008540: Processing PersistenceUnitInfo [name: default]
2026-06-13T03:59:39.984+07:00  INFO 11112 --- [FinalProject_Java-Service] [main] org.hibernate.orm.core                   : HHH000001: Hibernate ORM core version 7.2.12.Final
2026-06-13T03:59:40.501+07:00  INFO 11112 --- [FinalProject_Java-Service] [main] o.s.o.j.p.SpringPersistenceUnitInfo      : No LoadTimeWeaver setup: ignoring JPA class transformer
2026-06-13T03:59:40.555+07:00  INFO 11112 --- [FinalProject_Java-Service] [main] com.zaxxer.hikari.HikariDataSource       : HikariPool-1 - Starting...
2026-06-13T03:59:40.779+07:00  INFO 11112 --- [FinalProject_Java-Service] [main] com.zaxxer.hikari.pool.HikariPool        : HikariPool-1 - Added connection com.mysql.cj.jdbc.ConnectionImpl@14d53884
2026-06-13T03:59:40.782+07:00  INFO 11112 --- [FinalProject_Java-Service] [main] com.zaxxer.hikari.HikariDataSource       : HikariPool-1 - Start completed.
2026-06-13T03:59:40.858+07:00  WARN 11112 --- [FinalProject_Java-Service] [main] org.hibernate.orm.deprecation            : HHH90000025: MySQLDialect does not need to be specified explicitly using 'hibernate.dialect' (remove the property setting and it will be selected by default)
2026-06-13T03:59:40.886+07:00  INFO 11112 --- [FinalProject_Java-Service] [main] org.hibernate.orm.connections.pooling    : HHH10001005: Database info:
	Database JDBC URL [jdbc:mysql://localhost:3306/finalproject_java_service?createDatabaseIfNotExist=true&useSSL=false&allowPublicKeyRetrieval=true&serverTimezone=Asia/Ho_Chi_Minh]
	Database driver: MySQL Connector/J
	Database dialect: MySQLDialect
	Database version: 8.0.44
	Default catalog/schema: finalproject_java_service/undefined
	Autocommit mode: undefined/unknown
	Isolation level: REPEATABLE_READ [default REPEATABLE_READ]
	JDBC fetch size: none
	Pool: DataSourceConnectionProvider
	Minimum pool size: undefined/unknown
	Maximum pool size: undefined/unknown
2026-06-13T03:59:42.547+07:00  INFO 11112 --- [FinalProject_Java-Service] [main] org.hibernate.orm.core                   : HHH000489: No JTA platform available (set 'hibernate.transaction.jta.platform' to enable JTA platform integration)
2026-06-13T03:59:42.665+07:00  INFO 11112 --- [FinalProject_Java-Service] [main] j.LocalContainerEntityManagerFactoryBean : Initialized JPA EntityManagerFactory for persistence unit 'default'
2026-06-13T03:59:42.793+07:00  INFO 11112 --- [FinalProject_Java-Service] [main] o.s.d.j.r.query.QueryEnhancerFactories   : Hibernate is in classpath; If applicable, HQL parser will be used.
2026-06-13T03:59:43.231+07:00  INFO 11112 --- [FinalProject_Java-Service] [main] r$InitializeUserDetailsManagerConfigurer : Global AuthenticationManager configured with UserDetailsService bean with name customUserDetailsService
2026-06-13T03:59:44.717+07:00  INFO 11112 --- [FinalProject_Java-Service] [main] o.s.b.a.e.web.EndpointLinksResolver      : Exposing 1 endpoint beneath base path '/actuator'
2026-06-13T03:59:44.856+07:00  INFO 11112 --- [FinalProject_Java-Service] [main] o.s.boot.tomcat.TomcatWebServer          : Tomcat started on port 8080 (http) with context path '/'
2026-06-13T03:59:44.870+07:00  INFO 11112 --- [FinalProject_Java-Service] [main] r.e.f.FinalProjectJavaServiceApplication : Started FinalProjectJavaServiceApplication in 6.993 seconds (process running for 7.598)
2026-06-13T03:59:46.004+07:00  INFO 11112 --- [FinalProject_Java-Service] [RMI TCP Connection(3)-192.168.1.70] o.a.c.c.C.[Tomcat].[localhost].[/]       : Initializing Spring DispatcherServlet 'dispatcherServlet'
2026-06-13T03:59:46.005+07:00  INFO 11112 --- [FinalProject_Java-Service] [RMI TCP Connection(3)-192.168.1.70] o.s.web.servlet.DispatcherServlet        : Initializing Servlet 'dispatcherServlet'
2026-06-13T03:59:46.008+07:00  INFO 11112 --- [FinalProject_Java-Service] [RMI TCP Connection(3)-192.168.1.70] o.s.web.servlet.DispatcherServlet        : Completed initialization in 3 ms
2026-06-13T03:59:49.874+07:00  INFO 11112 --- [FinalProject_Java-Service] [http-nio-8080-exec-1] r.e.f.config.LoggingAspect               : REQUEST StudentController.uploadForCourse(..) args=[1, org.springframework.web.multipart.support.StandardMultipartHttpServletRequest$StandardMultipartFile@5973b5c6]
2026-06-13T03:59:49.896+07:00 ERROR 11112 --- [FinalProject_Java-Service] [http-nio-8080-exec-1] r.e.f.config.LoggingAspect               : EXCEPTION StudentController.uploadForCourse(..) in 23 ms: ra.edu.finalproject_javaservice.exception.BadRequestException: You have not registered for this course, so you cannot submit an assignment here
2026-06-13T04:00:44.916+07:00  INFO 11112 --- [FinalProject_Java-Service] [http-nio-8080-exec-4] r.e.f.config.LoggingAspect               : REQUEST AuthController.login(..) args=[AuthRequest[username=teacher1, password=123456]]
2026-06-13T04:00:45.326+07:00  INFO 11112 --- [FinalProject_Java-Service] [http-nio-8080-exec-4] r.e.f.config.LoggingAspect               : RESPONSE AuthController.login(..) in 412 ms payload=ApiResponse[success=true, message=Login successfully, data=AuthResponse[accessToken=eyJhbGciOiJIUzI1NiJ9.eyJzdWIiOiJ0ZWFjaGVyMSIsInVpZCI6OSwicm9sZSI6IkxFQ1RVUkVSIiwidHlwZSI6ImFjY2VzcyIsImlhdCI6MTc4MTI5ODA0NSwiZXhwIjoxNzgxMjk5ODQ1fQ.R2yC52b4aDj9k5H28aDd0s9TiR3y7uZSZ5o-Vg9g8jQ, refreshToken=00a2247f-d290-4214-8d39-bffb8cdacc4b, role=LECTURER, userId=9, username=teacher1, email=teacher@gmail.com], errors=null]
2026-06-13T04:01:28.799+07:00  INFO 11112 --- [FinalProject_Java-Service] [http-nio-8080-exec-5] r.e.f.config.LoggingAspect               : REQUEST LecturerController.grade(..) args=[GradeRequest[submissionId=2, score=90.0, feedback=Good work]]
2026-06-13T04:01:28.837+07:00  INFO 11112 --- [FinalProject_Java-Service] [http-nio-8080-exec-5] r.e.f.config.LoggingAspect               : RESPONSE LecturerController.grade(..) in 40 ms payload=ApiResponse[success=true, message=Graded successfully, data=SubmissionResponse[id=2, courseId=2, studentId=7, reportUrl=https://res.cloudinary.com/dcew6wv4a/raw/upload/v1781297951/finalproject/submissions/qazmfopqmyv2xegn0f2d, score=90.0, feedback=Good work, status=GRADED], errors=null]
2026-06-13T04:02:19.820+07:00  INFO 11112 --- [FinalProject_Java-Service] [http-nio-8080-exec-6] r.e.f.config.LoggingAspect               : REQUEST LecturerController.uploadMaterial(..) args=[2, Tailieu, org.springframework.web.multipart.support.StandardMultipartHttpServletRequest$StandardMultipartFile@48c82be9]
2026-06-13T04:02:23.031+07:00  INFO 11112 --- [FinalProject_Java-Service] [http-nio-8080-exec-6] r.e.f.config.LoggingAspect               : RESPONSE LecturerController.uploadMaterial(..) in 3211 ms payload=ApiResponse[success=true, message=Uploaded successfully, data=MaterialResponse[id=2, courseId=2, materialName=Tailieu, fileUrl=https://res.cloudinary.com/dcew6wv4a/raw/upload/v1781298140/finalproject/materials/kblacjnjayun00ygk8x0], errors=null]
2026-06-13T04:03:02.371+07:00  INFO 11112 --- [FinalProject_Java-Service] [http-nio-8080-exec-7] r.e.f.config.LoggingAspect               : REQUEST AuthController.changePassword(..) args=[ChangePasswordRequest[oldPassword=lecturer123, newPassword=123456]]
2026-06-13T04:03:02.375+07:00 ERROR 11112 --- [FinalProject_Java-Service] [http-nio-8080-exec-7] r.e.f.config.LoggingAspect               : EXCEPTION AuthController.changePassword(..) in 5 ms: java.util.NoSuchElementException: No value present
2026-06-13T04:03:17.134+07:00  INFO 11112 --- [FinalProject_Java-Service] [http-nio-8080-exec-9] r.e.f.config.LoggingAspect               : REQUEST AuthController.changePassword(..) args=[ChangePasswordRequest[oldPassword=sondz1, newPassword=123456]]
2026-06-13T04:03:17.136+07:00 ERROR 11112 --- [FinalProject_Java-Service] [http-nio-8080-exec-9] r.e.f.config.LoggingAspect               : EXCEPTION AuthController.changePassword(..) in 2 ms: java.util.NoSuchElementException: No value present
2026-06-13T04:03:18.298+07:00  INFO 11112 --- [FinalProject_Java-Service] [http-nio-8080-exec-2] r.e.f.config.LoggingAspect               : REQUEST AuthController.changePassword(..) args=[ChangePasswordRequest[oldPassword=sondz1, newPassword=123456]]
2026-06-13T04:03:18.301+07:00 ERROR 11112 --- [FinalProject_Java-Service] [http-nio-8080-exec-2] r.e.f.config.LoggingAspect               : EXCEPTION AuthController.changePassword(..) in 3 ms: java.util.NoSuchElementException: No value present
2026-06-13T04:03:33.818+07:00  INFO 11112 --- [FinalProject_Java-Service] [http-nio-8080-exec-3] r.e.f.config.LoggingAspect               : REQUEST AuthController.changePassword(..) args=[ChangePasswordRequest[oldPassword=123456, newPassword=teacher123]]
2026-06-13T04:03:33.822+07:00 ERROR 11112 --- [FinalProject_Java-Service] [http-nio-8080-exec-3] r.e.f.config.LoggingAspect               : EXCEPTION AuthController.changePassword(..) in 4 ms: java.util.NoSuchElementException: No value present
2026-06-13T04:03:51.960+07:00  INFO 11112 --- [FinalProject_Java-Service] [http-nio-8080-exec-5] r.e.f.config.LoggingAspect               : REQUEST AuthController.changePassword(..) args=[ChangePasswordRequest[oldPassword=123456, newPassword=teacher123]]
2026-06-13T04:03:52.208+07:00  INFO 11112 --- [FinalProject_Java-Service] [http-nio-8080-exec-5] r.e.f.config.LoggingAspect               : RESPONSE AuthController.changePassword(..) in 248 ms payload=ApiResponse[success=true, message=Password changed, data=AuthResponse[accessToken=null, refreshToken=null, role=LECTURER, userId=9, username=teacher1, email=teacher@gmail.com], errors=null]
2026-06-13T04:04:15.912+07:00  INFO 11112 --- [FinalProject_Java-Service] [http-nio-8080-exec-6] r.e.f.config.LoggingAspect               : REQUEST AuthController.forgotPassword(..) args=[ForgotPasswordRequest[email=sonseo15072006@gmail.com]]
2026-06-13T04:04:20.686+07:00  INFO 11112 --- [FinalProject_Java-Service] [http-nio-8080-exec-6] r.e.f.config.LoggingAspect               : RESPONSE AuthController.forgotPassword(..) in 4776 ms payload=ApiResponse[success=true, message=OTP sent to registered email, data=null, errors=null]
2026-06-13T04:04:41.483+07:00  INFO 11112 --- [FinalProject_Java-Service] [http-nio-8080-exec-7] r.e.f.config.LoggingAspect               : REQUEST AuthController.resetPassword(..) args=[ResetPasswordRequest[email=sonseo15072006@gmail.com, otp=386505, newPassword=sondz123]]
2026-06-13T04:04:41.613+07:00  INFO 11112 --- [FinalProject_Java-Service] [http-nio-8080-exec-7] r.e.f.config.LoggingAspect               : RESPONSE AuthController.resetPassword(..) in 131 ms payload=ApiResponse[success=true, message=Password reset successfully, data=null, errors=null]
2026-06-13T04:07:11.525+07:00  INFO 11112 --- [FinalProject_Java-Service] [SpringApplicationShutdownHook] o.s.boot.tomcat.GracefulShutdown         : Commencing graceful shutdown. Waiting for active requests to complete
2026-06-13T04:07:11.692+07:00  INFO 11112 --- [FinalProject_Java-Service] [tomcat-shutdown] o.s.boot.tomcat.GracefulShutdown         : Graceful shutdown complete
2026-06-13T04:07:11.699+07:00  INFO 11112 --- [FinalProject_Java-Service] [SpringApplicationShutdownHook] j.LocalContainerEntityManagerFactoryBean : Closing JPA EntityManagerFactory for persistence unit 'default'
2026-06-13T04:07:11.702+07:00  INFO 11112 --- [FinalProject_Java-Service] [SpringApplicationShutdownHook] com.zaxxer.hikari.HikariDataSource       : HikariPool-1 - Shutdown initiated...
2026-06-13T04:07:11.710+07:00  INFO 11112 --- [FinalProject_Java-Service] [SpringApplicationShutdownHook] com.zaxxer.hikari.HikariDataSource       : HikariPool-1 - Shutdown completed.
2026-06-13T15:37:33.512+07:00  INFO 30792 --- [FinalProject_Java-Service] [main] r.e.f.FinalProjectJavaServiceApplication : Starting FinalProjectJavaServiceApplication using Java 17.0.18 with PID 30792 (C:\Users\OS\Documents\BTVN Java_Service\FinalProject_Java-Service\build\classes\java\main started by OS in C:\Users\OS\Documents\BTVN Java_Service\FinalProject_Java-Service)
2026-06-13T15:37:33.516+07:00  INFO 30792 --- [FinalProject_Java-Service] [main] r.e.f.FinalProjectJavaServiceApplication : No active profile set, falling back to 1 default profile: "default"
2026-06-13T15:37:35.205+07:00  INFO 30792 --- [FinalProject_Java-Service] [main] .s.d.r.c.RepositoryConfigurationDelegate : Bootstrapping Spring Data JPA repositories in DEFAULT mode.
2026-06-13T15:37:35.270+07:00  INFO 30792 --- [FinalProject_Java-Service] [main] .s.d.r.c.RepositoryConfigurationDelegate : Finished Spring Data repository scanning in 55 ms. Found 6 JPA repository interfaces.
2026-06-13T15:37:36.047+07:00  INFO 30792 --- [FinalProject_Java-Service] [main] o.s.boot.tomcat.TomcatWebServer          : Tomcat initialized with port 8080 (http)
2026-06-13T15:37:36.060+07:00  INFO 30792 --- [FinalProject_Java-Service] [main] o.apache.catalina.core.StandardService   : Starting service [Tomcat]
2026-06-13T15:37:36.061+07:00  INFO 30792 --- [FinalProject_Java-Service] [main] o.apache.catalina.core.StandardEngine    : Starting Servlet engine: [Apache Tomcat/11.0.21]
2026-06-13T15:37:36.123+07:00  INFO 30792 --- [FinalProject_Java-Service] [main] b.w.c.s.WebApplicationContextInitializer : Root WebApplicationContext: initialization completed in 2558 ms
2026-06-13T15:37:36.424+07:00  INFO 30792 --- [FinalProject_Java-Service] [main] org.hibernate.orm.jpa                    : HHH008540: Processing PersistenceUnitInfo [name: default]
2026-06-13T15:37:36.519+07:00  INFO 30792 --- [FinalProject_Java-Service] [main] org.hibernate.orm.core                   : HHH000001: Hibernate ORM core version 7.2.12.Final
2026-06-13T15:37:37.073+07:00  INFO 30792 --- [FinalProject_Java-Service] [main] o.s.o.j.p.SpringPersistenceUnitInfo      : No LoadTimeWeaver setup: ignoring JPA class transformer
2026-06-13T15:37:37.117+07:00  INFO 30792 --- [FinalProject_Java-Service] [main] com.zaxxer.hikari.HikariDataSource       : HikariPool-1 - Starting...
2026-06-13T15:37:37.361+07:00  INFO 30792 --- [FinalProject_Java-Service] [main] com.zaxxer.hikari.pool.HikariPool        : HikariPool-1 - Added connection com.mysql.cj.jdbc.ConnectionImpl@1fe7fa16
2026-06-13T15:37:37.365+07:00  INFO 30792 --- [FinalProject_Java-Service] [main] com.zaxxer.hikari.HikariDataSource       : HikariPool-1 - Start completed.
2026-06-13T15:37:37.470+07:00  WARN 30792 --- [FinalProject_Java-Service] [main] org.hibernate.orm.deprecation            : HHH90000025: MySQLDialect does not need to be specified explicitly using 'hibernate.dialect' (remove the property setting and it will be selected by default)
2026-06-13T15:37:37.499+07:00  INFO 30792 --- [FinalProject_Java-Service] [main] org.hibernate.orm.connections.pooling    : HHH10001005: Database info:
	Database JDBC URL [jdbc:mysql://localhost:3306/finalproject_java_service?createDatabaseIfNotExist=true&useSSL=false&allowPublicKeyRetrieval=true&serverTimezone=Asia/Ho_Chi_Minh]
	Database driver: MySQL Connector/J
	Database dialect: MySQLDialect
	Database version: 8.0.44
	Default catalog/schema: finalproject_java_service/undefined
	Autocommit mode: undefined/unknown
	Isolation level: REPEATABLE_READ [default REPEATABLE_READ]
	JDBC fetch size: none
	Pool: DataSourceConnectionProvider
	Minimum pool size: undefined/unknown
	Maximum pool size: undefined/unknown
2026-06-13T15:37:38.976+07:00  INFO 30792 --- [FinalProject_Java-Service] [main] org.hibernate.orm.core                   : HHH000489: No JTA platform available (set 'hibernate.transaction.jta.platform' to enable JTA platform integration)
2026-06-13T15:37:39.133+07:00  INFO 30792 --- [FinalProject_Java-Service] [main] j.LocalContainerEntityManagerFactoryBean : Initialized JPA EntityManagerFactory for persistence unit 'default'
2026-06-13T15:37:39.237+07:00  INFO 30792 --- [FinalProject_Java-Service] [main] o.s.d.j.r.query.QueryEnhancerFactories   : Hibernate is in classpath; If applicable, HQL parser will be used.
2026-06-13T15:37:39.555+07:00  INFO 30792 --- [FinalProject_Java-Service] [main] r$InitializeUserDetailsManagerConfigurer : Global AuthenticationManager configured with UserDetailsService bean with name customUserDetailsService
2026-06-13T15:37:40.735+07:00  INFO 30792 --- [FinalProject_Java-Service] [main] o.s.b.a.e.web.EndpointLinksResolver      : Exposing 1 endpoint beneath base path '/actuator'
2026-06-13T15:37:40.830+07:00  INFO 30792 --- [FinalProject_Java-Service] [main] o.s.boot.tomcat.TomcatWebServer          : Tomcat started on port 8080 (http) with context path '/'
2026-06-13T15:37:40.840+07:00  INFO 30792 --- [FinalProject_Java-Service] [main] r.e.f.FinalProjectJavaServiceApplication : Started FinalProjectJavaServiceApplication in 7.806 seconds (process running for 8.568)
2026-06-13T15:37:41.869+07:00  INFO 30792 --- [FinalProject_Java-Service] [RMI TCP Connection(1)-192.168.1.70] o.a.c.c.C.[Tomcat].[localhost].[/]       : Initializing Spring DispatcherServlet 'dispatcherServlet'
2026-06-13T15:37:41.872+07:00  INFO 30792 --- [FinalProject_Java-Service] [RMI TCP Connection(1)-192.168.1.70] o.s.web.servlet.DispatcherServlet        : Initializing Servlet 'dispatcherServlet'
2026-06-13T15:37:41.876+07:00  INFO 30792 --- [FinalProject_Java-Service] [RMI TCP Connection(1)-192.168.1.70] o.s.web.servlet.DispatcherServlet        : Completed initialization in 4 ms
2026-06-13T15:39:45.174+07:00  INFO 30792 --- [FinalProject_Java-Service] [http-nio-8080-exec-3] r.e.f.config.LoggingAspect               : REQUEST AuthController.login(..) args=[AuthRequest[username=admin, password=admin123]]
2026-06-13T15:39:45.817+07:00  INFO 30792 --- [FinalProject_Java-Service] [http-nio-8080-exec-3] r.e.f.config.LoggingAspect               : RESPONSE AuthController.login(..) in 646 ms payload=ApiResponse[success=true, message=Login successfully, data=AuthResponse[accessToken=eyJhbGciOiJIUzI1NiJ9.eyJzdWIiOiJhZG1pbiIsInVpZCI6MTAsInJvbGUiOiJBRE1JTiIsInR5cGUiOiJhY2Nlc3MiLCJpYXQiOjE3ODEzMzk5ODUsImV4cCI6MTc4MTM0MTc4NX0.Do1VpVhN1V-Vh68e62InbtnJkw_FYyaRJ-WnSbVyCN0, refreshToken=0b9331b7-e3f8-44cb-a422-7d725178563d, role=ADMIN, userId=10, username=admin, email=admin@gmail.com], errors=null]
2026-06-13T15:42:50.082+07:00  INFO 30792 --- [FinalProject_Java-Service] [http-nio-8080-exec-7] r.e.f.config.LoggingAspect               : REQUEST AdminController.courses(..) args=[JAVA, 0, 10]
2026-06-13T15:42:50.142+07:00  INFO 30792 --- [FinalProject_Java-Service] [http-nio-8080-exec-7] r.e.f.config.LoggingAspect               : RESPONSE AdminController.courses(..) in 60 ms payload=ApiResponse[success=true, message=Success, data=Page 1 of 1 containing ra.edu.finalproject_javaservice.dto.CourseResponse instances, errors=null]
2026-06-13T15:42:50.147+07:00  WARN 30792 --- [FinalProject_Java-Service] [http-nio-8080-exec-7] ration$PageModule$WarningLoggingModifier : Serializing PageImpl instances as-is is not supported, meaning that there is no guarantee about the stability of the resulting JSON structure!
	For a stable JSON structure, please use Spring Data's PagedModel (globally via @EnableSpringDataWebSupport(pageSerializationMode = VIA_DTO))
	or Spring HATEOAS and Spring Data's PagedResourcesAssembler as documented in https://docs.spring.io/spring-data/commons/reference/repositories/core-extensions.html#core.web.pageables.

2026-06-13T15:43:02.155+07:00  INFO 30792 --- [FinalProject_Java-Service] [http-nio-8080-exec-8] r.e.f.config.LoggingAspect               : REQUEST AdminController.users(..) args=[, 0, 10]
2026-06-13T15:43:02.201+07:00  INFO 30792 --- [FinalProject_Java-Service] [http-nio-8080-exec-8] r.e.f.config.LoggingAspect               : RESPONSE AdminController.users(..) in 46 ms payload=ApiResponse[success=true, message=Success, data=Page 1 of 1 containing ra.edu.finalproject_javaservice.dto.UserResponse instances, errors=null]
2026-06-13T15:43:17.225+07:00  INFO 30792 --- [FinalProject_Java-Service] [http-nio-8080-exec-5] r.e.f.config.LoggingAspect               : REQUEST AdminController.users(..) args=[son, 0, 10]
2026-06-13T15:43:17.236+07:00  INFO 30792 --- [FinalProject_Java-Service] [http-nio-8080-exec-5] r.e.f.config.LoggingAspect               : RESPONSE AdminController.users(..) in 11 ms payload=ApiResponse[success=true, message=Success, data=Page 1 of 1 containing ra.edu.finalproject_javaservice.dto.UserResponse instances, errors=null]
2026-06-13T15:43:27.057+07:00  INFO 30792 --- [FinalProject_Java-Service] [http-nio-8080-exec-6] r.e.f.config.LoggingAspect               : REQUEST AdminController.users(..) args=[admin, 0, 10]
2026-06-13T15:43:27.066+07:00  INFO 30792 --- [FinalProject_Java-Service] [http-nio-8080-exec-6] r.e.f.config.LoggingAspect               : RESPONSE AdminController.users(..) in 9 ms payload=ApiResponse[success=true, message=Success, data=Page 1 of 1 containing ra.edu.finalproject_javaservice.dto.UserResponse instances, errors=null]
2026-06-13T15:43:34.311+07:00  INFO 30792 --- [FinalProject_Java-Service] [http-nio-8080-exec-9] r.e.f.config.LoggingAspect               : REQUEST AdminController.users(..) args=[z, 0, 10]
2026-06-13T15:43:34.316+07:00  INFO 30792 --- [FinalProject_Java-Service] [http-nio-8080-exec-9] r.e.f.config.LoggingAspect               : RESPONSE AdminController.users(..) in 4 ms payload=ApiResponse[success=true, message=Success, data=Page 1 of 0 containing UNKNOWN instances, errors=null]
2026-06-13T15:50:02.322+07:00  INFO 30792 --- [FinalProject_Java-Service] [SpringApplicationShutdownHook] o.s.boot.tomcat.GracefulShutdown         : Commencing graceful shutdown. Waiting for active requests to complete
2026-06-13T15:50:02.497+07:00  INFO 30792 --- [FinalProject_Java-Service] [tomcat-shutdown] o.s.boot.tomcat.GracefulShutdown         : Graceful shutdown complete
2026-06-13T15:50:02.504+07:00  INFO 30792 --- [FinalProject_Java-Service] [SpringApplicationShutdownHook] j.LocalContainerEntityManagerFactoryBean : Closing JPA EntityManagerFactory for persistence unit 'default'
2026-06-13T15:50:02.507+07:00  INFO 30792 --- [FinalProject_Java-Service] [SpringApplicationShutdownHook] com.zaxxer.hikari.HikariDataSource       : HikariPool-1 - Shutdown initiated...
2026-06-13T15:50:02.510+07:00  INFO 30792 --- [FinalProject_Java-Service] [SpringApplicationShutdownHook] com.zaxxer.hikari.HikariDataSource       : HikariPool-1 - Shutdown completed.
2026-06-13T15:50:08.771+07:00  INFO 3784 --- [FinalProject_Java-Service] [main] r.e.f.FinalProjectJavaServiceApplication : Starting FinalProjectJavaServiceApplication using Java 17.0.18 with PID 3784 (C:\Users\OS\Documents\BTVN Java_Service\FinalProject_Java-Service\build\classes\java\main started by OS in C:\Users\OS\Documents\BTVN Java_Service\FinalProject_Java-Service)
2026-06-13T15:50:08.774+07:00  INFO 3784 --- [FinalProject_Java-Service] [main] r.e.f.FinalProjectJavaServiceApplication : No active profile set, falling back to 1 default profile: "default"
2026-06-13T15:50:09.581+07:00  INFO 3784 --- [FinalProject_Java-Service] [main] .s.d.r.c.RepositoryConfigurationDelegate : Bootstrapping Spring Data JPA repositories in DEFAULT mode.
2026-06-13T15:50:09.645+07:00  INFO 3784 --- [FinalProject_Java-Service] [main] .s.d.r.c.RepositoryConfigurationDelegate : Finished Spring Data repository scanning in 54 ms. Found 7 JPA repository interfaces.
2026-06-13T15:50:10.337+07:00  INFO 3784 --- [FinalProject_Java-Service] [main] o.s.boot.tomcat.TomcatWebServer          : Tomcat initialized with port 8080 (http)
2026-06-13T15:50:10.363+07:00  INFO 3784 --- [FinalProject_Java-Service] [main] o.apache.catalina.core.StandardService   : Starting service [Tomcat]
2026-06-13T15:50:10.363+07:00  INFO 3784 --- [FinalProject_Java-Service] [main] o.apache.catalina.core.StandardEngine    : Starting Servlet engine: [Apache Tomcat/11.0.21]
2026-06-13T15:50:10.418+07:00  INFO 3784 --- [FinalProject_Java-Service] [main] b.w.c.s.WebApplicationContextInitializer : Root WebApplicationContext: initialization completed in 1605 ms
2026-06-13T15:50:10.683+07:00  INFO 3784 --- [FinalProject_Java-Service] [main] org.hibernate.orm.jpa                    : HHH008540: Processing PersistenceUnitInfo [name: default]
2026-06-13T15:50:10.739+07:00  INFO 3784 --- [FinalProject_Java-Service] [main] org.hibernate.orm.core                   : HHH000001: Hibernate ORM core version 7.2.12.Final
2026-06-13T15:50:11.182+07:00  INFO 3784 --- [FinalProject_Java-Service] [main] o.s.o.j.p.SpringPersistenceUnitInfo      : No LoadTimeWeaver setup: ignoring JPA class transformer
2026-06-13T15:50:11.213+07:00  INFO 3784 --- [FinalProject_Java-Service] [main] com.zaxxer.hikari.HikariDataSource       : HikariPool-1 - Starting...
2026-06-13T15:50:11.349+07:00  INFO 3784 --- [FinalProject_Java-Service] [main] com.zaxxer.hikari.pool.HikariPool        : HikariPool-1 - Added connection com.mysql.cj.jdbc.ConnectionImpl@486dd616
2026-06-13T15:50:11.351+07:00  INFO 3784 --- [FinalProject_Java-Service] [main] com.zaxxer.hikari.HikariDataSource       : HikariPool-1 - Start completed.
2026-06-13T15:50:11.402+07:00  WARN 3784 --- [FinalProject_Java-Service] [main] org.hibernate.orm.deprecation            : HHH90000025: MySQLDialect does not need to be specified explicitly using 'hibernate.dialect' (remove the property setting and it will be selected by default)
2026-06-13T15:50:11.421+07:00  INFO 3784 --- [FinalProject_Java-Service] [main] org.hibernate.orm.connections.pooling    : HHH10001005: Database info:
	Database JDBC URL [jdbc:mysql://localhost:3306/finalproject_java_service?createDatabaseIfNotExist=true&useSSL=false&allowPublicKeyRetrieval=true&serverTimezone=Asia/Ho_Chi_Minh]
	Database driver: MySQL Connector/J
	Database dialect: MySQLDialect
	Database version: 8.0.44
	Default catalog/schema: finalproject_java_service/undefined
	Autocommit mode: undefined/unknown
	Isolation level: REPEATABLE_READ [default REPEATABLE_READ]
	JDBC fetch size: none
	Pool: DataSourceConnectionProvider
	Minimum pool size: undefined/unknown
	Maximum pool size: undefined/unknown
2026-06-13T15:50:12.411+07:00  INFO 3784 --- [FinalProject_Java-Service] [main] org.hibernate.orm.core                   : HHH000489: No JTA platform available (set 'hibernate.transaction.jta.platform' to enable JTA platform integration)
2026-06-13T15:50:12.795+07:00  INFO 3784 --- [FinalProject_Java-Service] [main] j.LocalContainerEntityManagerFactoryBean : Initialized JPA EntityManagerFactory for persistence unit 'default'
2026-06-13T15:50:12.875+07:00  INFO 3784 --- [FinalProject_Java-Service] [main] o.s.d.j.r.query.QueryEnhancerFactories   : Hibernate is in classpath; If applicable, HQL parser will be used.
2026-06-13T15:50:13.175+07:00  INFO 3784 --- [FinalProject_Java-Service] [main] r$InitializeUserDetailsManagerConfigurer : Global AuthenticationManager configured with UserDetailsService bean with name customUserDetailsService
2026-06-13T15:50:13.964+07:00  INFO 3784 --- [FinalProject_Java-Service] [main] o.s.b.a.e.web.EndpointLinksResolver      : Exposing 1 endpoint beneath base path '/actuator'
2026-06-13T15:50:14.042+07:00  INFO 3784 --- [FinalProject_Java-Service] [main] o.s.boot.tomcat.TomcatWebServer          : Tomcat started on port 8080 (http) with context path '/'
2026-06-13T15:50:14.048+07:00  INFO 3784 --- [FinalProject_Java-Service] [main] r.e.f.FinalProjectJavaServiceApplication : Started FinalProjectJavaServiceApplication in 5.699 seconds (process running for 6.302)
2026-06-13T15:50:14.967+07:00  INFO 3784 --- [FinalProject_Java-Service] [RMI TCP Connection(3)-192.168.1.70] o.a.c.c.C.[Tomcat].[localhost].[/]       : Initializing Spring DispatcherServlet 'dispatcherServlet'
2026-06-13T15:50:14.967+07:00  INFO 3784 --- [FinalProject_Java-Service] [RMI TCP Connection(3)-192.168.1.70] o.s.web.servlet.DispatcherServlet        : Initializing Servlet 'dispatcherServlet'
2026-06-13T15:50:14.970+07:00  INFO 3784 --- [FinalProject_Java-Service] [RMI TCP Connection(3)-192.168.1.70] o.s.web.servlet.DispatcherServlet        : Completed initialization in 3 ms
2026-06-13T15:51:12.422+07:00  INFO 3784 --- [FinalProject_Java-Service] [http-nio-8080-exec-3] r.e.f.config.LoggingAspect               : REQUEST AdminController.users(..) args=[, 0, 10]
2026-06-13T15:51:12.474+07:00  INFO 3784 --- [FinalProject_Java-Service] [http-nio-8080-exec-3] r.e.f.config.LoggingAspect               : RESPONSE AdminController.users(..) in 52 ms payload=ApiResponse[success=true, message=Success, data=Page 1 of 1 containing ra.edu.finalproject_javaservice.dto.UserResponse instances, errors=null]
2026-06-13T15:51:12.510+07:00  WARN 3784 --- [FinalProject_Java-Service] [http-nio-8080-exec-3] ration$PageModule$WarningLoggingModifier : Serializing PageImpl instances as-is is not supported, meaning that there is no guarantee about the stability of the resulting JSON structure!
	For a stable JSON structure, please use Spring Data's PagedModel (globally via @EnableSpringDataWebSupport(pageSerializationMode = VIA_DTO))
	or Spring HATEOAS and Spring Data's PagedResourcesAssembler as documented in https://docs.spring.io/spring-data/commons/reference/repositories/core-extensions.html#core.web.pageables.

2026-06-13T15:51:34.581+07:00  INFO 3784 --- [FinalProject_Java-Service] [http-nio-8080-exec-2] r.e.f.config.LoggingAspect               : REQUEST AdminController.users(..) args=[gmail, 0, 10]
2026-06-13T15:51:34.635+07:00  INFO 3784 --- [FinalProject_Java-Service] [http-nio-8080-exec-2] r.e.f.config.LoggingAspect               : RESPONSE AdminController.users(..) in 54 ms payload=ApiResponse[success=true, message=Success, data=Page 1 of 1 containing ra.edu.finalproject_javaservice.dto.UserResponse instances, errors=null]
2026-06-13T15:51:37.209+07:00  INFO 3784 --- [FinalProject_Java-Service] [http-nio-8080-exec-5] r.e.f.config.LoggingAspect               : REQUEST AdminController.users(..) args=[gmail, 0, 5]
2026-06-13T15:51:37.238+07:00  INFO 3784 --- [FinalProject_Java-Service] [http-nio-8080-exec-5] r.e.f.config.LoggingAspect               : RESPONSE AdminController.users(..) in 29 ms payload=ApiResponse[success=true, message=Success, data=Page 1 of 2 containing ra.edu.finalproject_javaservice.dto.UserResponse instances, errors=null]
2026-06-13T15:51:37.925+07:00  INFO 3784 --- [FinalProject_Java-Service] [http-nio-8080-exec-7] r.e.f.config.LoggingAspect               : REQUEST AdminController.users(..) args=[gmail, 0, 5]
2026-06-13T15:51:37.934+07:00  INFO 3784 --- [FinalProject_Java-Service] [http-nio-8080-exec-7] r.e.f.config.LoggingAspect               : RESPONSE AdminController.users(..) in 9 ms payload=ApiResponse[success=true, message=Success, data=Page 1 of 2 containing ra.edu.finalproject_javaservice.dto.UserResponse instances, errors=null]
2026-06-13T15:52:53.238+07:00  INFO 3784 --- [FinalProject_Java-Service] [http-nio-8080-exec-8] r.e.f.config.LoggingAspect               : REQUEST AuthController.login(..) args=[AuthRequest[username=teacher, password=teacher123]]
2026-06-13T15:52:53.489+07:00 ERROR 3784 --- [FinalProject_Java-Service] [http-nio-8080-exec-8] r.e.f.config.LoggingAspect               : EXCEPTION AuthController.login(..) in 252 ms: org.springframework.security.authentication.BadCredentialsException: Bad credentials
2026-06-13T15:52:57.624+07:00  INFO 3784 --- [FinalProject_Java-Service] [http-nio-8080-exec-9] r.e.f.config.LoggingAspect               : REQUEST AuthController.login(..) args=[AuthRequest[username=teacher, password=123456]]
2026-06-13T15:52:57.746+07:00 ERROR 3784 --- [FinalProject_Java-Service] [http-nio-8080-exec-9] r.e.f.config.LoggingAspect               : EXCEPTION AuthController.login(..) in 122 ms: org.springframework.security.authentication.BadCredentialsException: Bad credentials
2026-06-13T15:52:58.669+07:00  INFO 3784 --- [FinalProject_Java-Service] [http-nio-8080-exec-3] r.e.f.config.LoggingAspect               : REQUEST AuthController.login(..) args=[AuthRequest[username=teacher, password=123456]]
2026-06-13T15:52:58.790+07:00 ERROR 3784 --- [FinalProject_Java-Service] [http-nio-8080-exec-3] r.e.f.config.LoggingAspect               : EXCEPTION AuthController.login(..) in 121 ms: org.springframework.security.authentication.BadCredentialsException: Bad credentials
2026-06-13T15:53:10.972+07:00  INFO 3784 --- [FinalProject_Java-Service] [http-nio-8080-exec-5] r.e.f.config.LoggingAspect               : REQUEST AuthController.login(..) args=[AuthRequest[username=teacher1, password=teacher123]]
2026-06-13T15:53:11.263+07:00  INFO 3784 --- [FinalProject_Java-Service] [http-nio-8080-exec-5] r.e.f.config.LoggingAspect               : RESPONSE AuthController.login(..) in 290 ms payload=ApiResponse[success=true, message=Login successfully, data=AuthResponse[accessToken=eyJhbGciOiJIUzI1NiJ9.eyJzdWIiOiJ0ZWFjaGVyMSIsInVpZCI6OSwicm9sZSI6IkxFQ1RVUkVSIiwidHlwZSI6ImFjY2VzcyIsImlhdCI6MTc4MTM0MDc5MSwiZXhwIjoxNzgxMzQyNTkxfQ.EYB4SUsfZdRzAzADXtnNFNueBkChU53nYYg99PvSjiw, refreshToken=c7e0f454-2149-426e-a3a9-23435959e2ed, role=LECTURER, userId=9, username=teacher1, email=teacher@gmail.com], errors=null]
2026-06-13T15:53:54.101+07:00  INFO 3784 --- [FinalProject_Java-Service] [http-nio-8080-exec-7] r.e.f.config.LoggingAspect               : REQUEST AssignmentController.create(..) args=[CreateAssignmentRequest[courseId=1, title=Bai tap so 1, description=Lam CRUD co ban, dueDate=2026-06-20T23:59, maxScore=100.0]]
2026-06-13T15:53:54.149+07:00  INFO 3784 --- [FinalProject_Java-Service] [http-nio-8080-exec-7] r.e.f.config.LoggingAspect               : RESPONSE AssignmentController.create(..) in 52 ms payload=ApiResponse[success=true, message=Created successfully, data=AssignmentResponse[id=1, courseId=1, lecturerId=9, title=Bai tap so 1, description=Lam CRUD co ban, dueDate=2026-06-20T23:59, maxScore=100.0], errors=null]
2026-06-13T15:54:34.754+07:00  INFO 3784 --- [FinalProject_Java-Service] [http-nio-8080-exec-4] r.e.f.config.LoggingAspect               : REQUEST AssignmentController.lecturerAssignmentsByCourse(..) args=[1]
2026-06-13T15:54:34.775+07:00  INFO 3784 --- [FinalProject_Java-Service] [http-nio-8080-exec-4] r.e.f.config.LoggingAspect               : RESPONSE AssignmentController.lecturerAssignmentsByCourse(..) in 21 ms payload=ApiResponse[success=true, message=Success, data=[AssignmentResponse[id=1, courseId=1, lecturerId=9, title=Bai tap so 1, description=Lam CRUD co ban, dueDate=2026-06-20T23:59, maxScore=100.0]], errors=null]
2026-06-13T15:54:44.304+07:00  INFO 3784 --- [FinalProject_Java-Service] [http-nio-8080-exec-9] r.e.f.config.LoggingAspect               : REQUEST AssignmentController.lecturerAssignmentsByCourse(..) args=[1]
2026-06-13T15:54:44.310+07:00  INFO 3784 --- [FinalProject_Java-Service] [http-nio-8080-exec-9] r.e.f.config.LoggingAspect               : RESPONSE AssignmentController.lecturerAssignmentsByCourse(..) in 6 ms payload=ApiResponse[success=true, message=Success, data=[AssignmentResponse[id=1, courseId=1, lecturerId=9, title=Bai tap so 1, description=Lam CRUD co ban, dueDate=2026-06-20T23:59, maxScore=100.0]], errors=null]
2026-06-13T16:02:03.367+07:00  INFO 3784 --- [FinalProject_Java-Service] [http-nio-8080-exec-2] r.e.f.config.LoggingAspect               : REQUEST AuthController.login(..) args=[AuthRequest[username=sonnguyen, password=sondz]]
2026-06-13T16:02:03.506+07:00 ERROR 3784 --- [FinalProject_Java-Service] [http-nio-8080-exec-2] r.e.f.config.LoggingAspect               : EXCEPTION AuthController.login(..) in 139 ms: org.springframework.security.authentication.BadCredentialsException: Bad credentials
2026-06-13T16:02:04.779+07:00  INFO 3784 --- [FinalProject_Java-Service] [http-nio-8080-exec-7] r.e.f.config.LoggingAspect               : REQUEST AuthController.login(..) args=[AuthRequest[username=sonnguyen, password=sondz]]
2026-06-13T16:02:04.905+07:00 ERROR 3784 --- [FinalProject_Java-Service] [http-nio-8080-exec-7] r.e.f.config.LoggingAspect               : EXCEPTION AuthController.login(..) in 126 ms: org.springframework.security.authentication.BadCredentialsException: Bad credentials
2026-06-13T16:02:08.442+07:00  INFO 3784 --- [FinalProject_Java-Service] [http-nio-8080-exec-4] r.e.f.config.LoggingAspect               : REQUEST AuthController.login(..) args=[AuthRequest[username=sonnguyen, password=sondz2]]
2026-06-13T16:02:08.578+07:00 ERROR 3784 --- [FinalProject_Java-Service] [http-nio-8080-exec-4] r.e.f.config.LoggingAspect               : EXCEPTION AuthController.login(..) in 136 ms: org.springframework.security.authentication.BadCredentialsException: Bad credentials
2026-06-13T16:02:09.540+07:00  INFO 3784 --- [FinalProject_Java-Service] [http-nio-8080-exec-10] r.e.f.config.LoggingAspect               : REQUEST AuthController.login(..) args=[AuthRequest[username=sonnguyen, password=sondz2]]
2026-06-13T16:02:09.677+07:00 ERROR 3784 --- [FinalProject_Java-Service] [http-nio-8080-exec-10] r.e.f.config.LoggingAspect               : EXCEPTION AuthController.login(..) in 137 ms: org.springframework.security.authentication.BadCredentialsException: Bad credentials
2026-06-13T16:02:10.827+07:00  INFO 3784 --- [FinalProject_Java-Service] [http-nio-8080-exec-1] r.e.f.config.LoggingAspect               : REQUEST AuthController.login(..) args=[AuthRequest[username=sonnguyen, password=sondz2]]
2026-06-13T16:02:10.949+07:00 ERROR 3784 --- [FinalProject_Java-Service] [http-nio-8080-exec-1] r.e.f.config.LoggingAspect               : EXCEPTION AuthController.login(..) in 122 ms: org.springframework.security.authentication.BadCredentialsException: Bad credentials
2026-06-13T16:02:20.865+07:00  INFO 3784 --- [FinalProject_Java-Service] [http-nio-8080-exec-2] r.e.f.config.LoggingAspect               : REQUEST AuthController.login(..) args=[AuthRequest[username=sonnguyen, password=sondz123]]
2026-06-13T16:02:21.003+07:00  INFO 3784 --- [FinalProject_Java-Service] [http-nio-8080-exec-2] r.e.f.config.LoggingAspect               : RESPONSE AuthController.login(..) in 138 ms payload=ApiResponse[success=true, message=Login successfully, data=AuthResponse[accessToken=eyJhbGciOiJIUzI1NiJ9.eyJzdWIiOiJzb25uZ3V5ZW4iLCJ1aWQiOjcsInJvbGUiOiJTVFVERU5UIiwidHlwZSI6ImFjY2VzcyIsImlhdCI6MTc4MTM0MTM0MSwiZXhwIjoxNzgxMzQzMTQxfQ.LwTGIHgtsxVSmLwvfsDMbrArIncGIRQl9UzOe4DIYEM, refreshToken=70baea04-7e1d-4f5b-9ba2-8b7f9a3f55e3, role=STUDENT, userId=7, username=sonnguyen, email=sonseo15072006@gmail.com], errors=null]
2026-06-13T16:02:51.059+07:00  INFO 3784 --- [FinalProject_Java-Service] [http-nio-8080-exec-5] r.e.f.config.LoggingAspect               : REQUEST AssignmentController.studentAssignmentsByCourse(..) args=[1]
2026-06-13T16:02:51.066+07:00  INFO 3784 --- [FinalProject_Java-Service] [http-nio-8080-exec-5] r.e.f.config.LoggingAspect               : RESPONSE AssignmentController.studentAssignmentsByCourse(..) in 7 ms payload=ApiResponse[success=true, message=Success, data=[AssignmentResponse[id=1, courseId=1, lecturerId=9, title=Bai tap so 1, description=Lam CRUD co ban, dueDate=2026-06-20T23:59, maxScore=100.0]], errors=null]
2026-06-13T16:02:55.732+07:00  INFO 3784 --- [FinalProject_Java-Service] [http-nio-8080-exec-7] r.e.f.config.LoggingAspect               : REQUEST AssignmentController.studentAssignmentsByCourse(..) args=[2]
2026-06-13T16:02:55.735+07:00  INFO 3784 --- [FinalProject_Java-Service] [http-nio-8080-exec-7] r.e.f.config.LoggingAspect               : RESPONSE AssignmentController.studentAssignmentsByCourse(..) in 3 ms payload=ApiResponse[success=true, message=Success, data=[], errors=null]
2026-06-13T16:03:03.899+07:00  INFO 3784 --- [FinalProject_Java-Service] [http-nio-8080-exec-6] r.e.f.config.LoggingAspect               : REQUEST AssignmentController.studentAssignmentsByCourse(..) args=[3]
2026-06-13T16:03:03.901+07:00  INFO 3784 --- [FinalProject_Java-Service] [http-nio-8080-exec-6] r.e.f.config.LoggingAspect               : RESPONSE AssignmentController.studentAssignmentsByCourse(..) in 4 ms payload=ApiResponse[success=true, message=Success, data=[], errors=null]
2026-06-13T16:03:04.785+07:00  INFO 3784 --- [FinalProject_Java-Service] [http-nio-8080-exec-4] r.e.f.config.LoggingAspect               : REQUEST AssignmentController.studentAssignmentsByCourse(..) args=[3]
2026-06-13T16:03:04.788+07:00  INFO 3784 --- [FinalProject_Java-Service] [http-nio-8080-exec-4] r.e.f.config.LoggingAspect               : RESPONSE AssignmentController.studentAssignmentsByCourse(..) in 3 ms payload=ApiResponse[success=true, message=Success, data=[], errors=null]
2026-06-13T16:03:05.516+07:00  INFO 3784 --- [FinalProject_Java-Service] [http-nio-8080-exec-8] r.e.f.config.LoggingAspect               : REQUEST AssignmentController.studentAssignmentsByCourse(..) args=[3]
2026-06-13T16:03:05.517+07:00  INFO 3784 --- [FinalProject_Java-Service] [http-nio-8080-exec-8] r.e.f.config.LoggingAspect               : RESPONSE AssignmentController.studentAssignmentsByCourse(..) in 1 ms payload=ApiResponse[success=true, message=Success, data=[], errors=null]
2026-06-13T16:04:01.861+07:00  INFO 3784 --- [FinalProject_Java-Service] [http-nio-8080-exec-9] r.e.f.config.LoggingAspect               : REQUEST AssignmentController.studentAssignmentsByCourse(..) args=[1]
2026-06-13T16:04:01.868+07:00  INFO 3784 --- [FinalProject_Java-Service] [http-nio-8080-exec-9] r.e.f.config.LoggingAspect               : RESPONSE AssignmentController.studentAssignmentsByCourse(..) in 7 ms payload=ApiResponse[success=true, message=Success, data=[AssignmentResponse[id=1, courseId=1, lecturerId=9, title=Bai tap so 1, description=Lam CRUD co ban, dueDate=2026-06-20T23:59, maxScore=100.0]], errors=null]
2026-06-13T16:04:03.385+07:00  INFO 3784 --- [FinalProject_Java-Service] [http-nio-8080-exec-1] r.e.f.config.LoggingAspect               : REQUEST AssignmentController.studentAssignmentsByCourse(..) args=[1]
2026-06-13T16:04:03.391+07:00  INFO 3784 --- [FinalProject_Java-Service] [http-nio-8080-exec-1] r.e.f.config.LoggingAspect               : RESPONSE AssignmentController.studentAssignmentsByCourse(..) in 6 ms payload=ApiResponse[success=true, message=Success, data=[AssignmentResponse[id=1, courseId=1, lecturerId=9, title=Bai tap so 1, description=Lam CRUD co ban, dueDate=2026-06-20T23:59, maxScore=100.0]], errors=null]
2026-06-13T16:04:18.327+07:00  INFO 3784 --- [FinalProject_Java-Service] [http-nio-8080-exec-3] r.e.f.config.LoggingAspect               : REQUEST AssignmentController.studentAssignmentsByCourse(..) args=[2]
2026-06-13T16:04:18.331+07:00  INFO 3784 --- [FinalProject_Java-Service] [http-nio-8080-exec-3] r.e.f.config.LoggingAspect               : RESPONSE AssignmentController.studentAssignmentsByCourse(..) in 4 ms payload=ApiResponse[success=true, message=Success, data=[], errors=null]
2026-06-13T16:04:19.372+07:00  INFO 3784 --- [FinalProject_Java-Service] [http-nio-8080-exec-2] r.e.f.config.LoggingAspect               : REQUEST AssignmentController.studentAssignmentsByCourse(..) args=[2]
2026-06-13T16:04:19.374+07:00  INFO 3784 --- [FinalProject_Java-Service] [http-nio-8080-exec-2] r.e.f.config.LoggingAspect               : RESPONSE AssignmentController.studentAssignmentsByCourse(..) in 2 ms payload=ApiResponse[success=true, message=Success, data=[], errors=null]
2026-06-13T16:04:19.952+07:00  INFO 3784 --- [FinalProject_Java-Service] [http-nio-8080-exec-5] r.e.f.config.LoggingAspect               : REQUEST AssignmentController.studentAssignmentsByCourse(..) args=[2]
2026-06-13T16:04:19.955+07:00  INFO 3784 --- [FinalProject_Java-Service] [http-nio-8080-exec-5] r.e.f.config.LoggingAspect               : RESPONSE AssignmentController.studentAssignmentsByCourse(..) in 3 ms payload=ApiResponse[success=true, message=Success, data=[], errors=null]
2026-06-13T16:04:23.184+07:00  INFO 3784 --- [FinalProject_Java-Service] [http-nio-8080-exec-6] r.e.f.config.LoggingAspect               : REQUEST AssignmentController.studentAssignmentsByCourse(..) args=[1]
2026-06-13T16:04:23.189+07:00  INFO 3784 --- [FinalProject_Java-Service] [http-nio-8080-exec-6] r.e.f.config.LoggingAspect               : RESPONSE AssignmentController.studentAssignmentsByCourse(..) in 5 ms payload=ApiResponse[success=true, message=Success, data=[AssignmentResponse[id=1, courseId=1, lecturerId=9, title=Bai tap so 1, description=Lam CRUD co ban, dueDate=2026-06-20T23:59, maxScore=100.0]], errors=null]
2026-06-13T16:06:37.400+07:00  INFO 23804 --- [FinalProject_Java-Service] [Test worker] .FinalProjectJavaServiceApplicationTests : Starting FinalProjectJavaServiceApplicationTests using Java 17.0.18 with PID 23804 (started by OS in C:\Users\OS\Documents\BTVN Java_Service\FinalProject_Java-Service)
2026-06-13T16:06:37.402+07:00  INFO 23804 --- [FinalProject_Java-Service] [Test worker] .FinalProjectJavaServiceApplicationTests : No active profile set, falling back to 1 default profile: "default"
2026-06-13T16:06:38.572+07:00  INFO 23804 --- [FinalProject_Java-Service] [Test worker] .s.d.r.c.RepositoryConfigurationDelegate : Bootstrapping Spring Data JPA repositories in DEFAULT mode.
2026-06-13T16:06:38.676+07:00  INFO 23804 --- [FinalProject_Java-Service] [Test worker] .s.d.r.c.RepositoryConfigurationDelegate : Finished Spring Data repository scanning in 85 ms. Found 7 JPA repository interfaces.
2026-06-13T16:06:39.673+07:00  INFO 23804 --- [FinalProject_Java-Service] [Test worker] org.hibernate.orm.jpa                    : HHH008540: Processing PersistenceUnitInfo [name: default]
2026-06-13T16:06:39.816+07:00  INFO 23804 --- [FinalProject_Java-Service] [Test worker] org.hibernate.orm.core                   : HHH000001: Hibernate ORM core version 7.2.12.Final
2026-06-13T16:06:40.735+07:00  INFO 23804 --- [FinalProject_Java-Service] [Test worker] o.s.o.j.p.SpringPersistenceUnitInfo      : No LoadTimeWeaver setup: ignoring JPA class transformer
2026-06-13T16:06:40.778+07:00  INFO 23804 --- [FinalProject_Java-Service] [Test worker] com.zaxxer.hikari.HikariDataSource       : HikariPool-1 - Starting...
2026-06-13T16:06:40.951+07:00  INFO 23804 --- [FinalProject_Java-Service] [Test worker] com.zaxxer.hikari.pool.HikariPool        : HikariPool-1 - Added connection com.mysql.cj.jdbc.ConnectionImpl@106f2425
2026-06-13T16:06:40.953+07:00  INFO 23804 --- [FinalProject_Java-Service] [Test worker] com.zaxxer.hikari.HikariDataSource       : HikariPool-1 - Start completed.
2026-06-13T16:06:41.012+07:00  WARN 23804 --- [FinalProject_Java-Service] [Test worker] org.hibernate.orm.deprecation            : HHH90000025: MySQLDialect does not need to be specified explicitly using 'hibernate.dialect' (remove the property setting and it will be selected by default)
2026-06-13T16:06:41.038+07:00  INFO 23804 --- [FinalProject_Java-Service] [Test worker] org.hibernate.orm.connections.pooling    : HHH10001005: Database info:
	Database JDBC URL [jdbc:mysql://localhost:3306/finalproject_java_service?createDatabaseIfNotExist=true&useSSL=false&allowPublicKeyRetrieval=true&serverTimezone=Asia/Ho_Chi_Minh]
	Database driver: MySQL Connector/J
	Database dialect: MySQLDialect
	Database version: 8.0.44
	Default catalog/schema: finalproject_java_service/undefined
	Autocommit mode: undefined/unknown
	Isolation level: REPEATABLE_READ [default REPEATABLE_READ]
	JDBC fetch size: none
	Pool: DataSourceConnectionProvider
	Minimum pool size: undefined/unknown
	Maximum pool size: undefined/unknown
2026-06-13T16:06:42.264+07:00  INFO 23804 --- [FinalProject_Java-Service] [Test worker] org.hibernate.orm.core                   : HHH000489: No JTA platform available (set 'hibernate.transaction.jta.platform' to enable JTA platform integration)
2026-06-13T16:06:42.479+07:00  INFO 23804 --- [FinalProject_Java-Service] [Test worker] j.LocalContainerEntityManagerFactoryBean : Initialized JPA EntityManagerFactory for persistence unit 'default'
2026-06-13T16:06:42.613+07:00  INFO 23804 --- [FinalProject_Java-Service] [Test worker] o.s.d.j.r.query.QueryEnhancerFactories   : Hibernate is in classpath; If applicable, HQL parser will be used.
2026-06-13T16:06:43.269+07:00  INFO 23804 --- [FinalProject_Java-Service] [Test worker] r$InitializeUserDetailsManagerConfigurer : Global AuthenticationManager configured with UserDetailsService bean with name customUserDetailsService
2026-06-13T16:06:45.168+07:00  INFO 23804 --- [FinalProject_Java-Service] [Test worker] o.s.b.a.e.web.EndpointLinksResolver      : Exposing 1 endpoint beneath base path '/actuator'
2026-06-13T16:06:45.274+07:00  INFO 23804 --- [FinalProject_Java-Service] [Test worker] .FinalProjectJavaServiceApplicationTests : Started FinalProjectJavaServiceApplicationTests in 8.233 seconds (process running for 10.016)
2026-06-13T16:06:48.523+07:00  INFO 23804 --- [FinalProject_Java-Service] [SpringApplicationShutdownHook] j.LocalContainerEntityManagerFactoryBean : Closing JPA EntityManagerFactory for persistence unit 'default'
2026-06-13T16:06:48.528+07:00  INFO 23804 --- [FinalProject_Java-Service] [SpringApplicationShutdownHook] com.zaxxer.hikari.HikariDataSource       : HikariPool-1 - Shutdown initiated...
2026-06-13T16:06:48.541+07:00  INFO 23804 --- [FinalProject_Java-Service] [SpringApplicationShutdownHook] com.zaxxer.hikari.HikariDataSource       : HikariPool-1 - Shutdown completed.
2026-06-13T16:07:14.090+07:00  INFO 3784 --- [FinalProject_Java-Service] [http-nio-8080-exec-5] r.e.f.config.LoggingAspect               : REQUEST StudentController.myCourses() args=[]
2026-06-13T16:07:14.104+07:00  INFO 3784 --- [FinalProject_Java-Service] [http-nio-8080-exec-5] r.e.f.config.LoggingAspect               : RESPONSE StudentController.myCourses() in 14 ms payload=ApiResponse[success=true, message=Success, data=[CourseResponse[id=2, courseCode=JAVA101, courseName=Java Core, credit=3]], errors=null]
2026-06-13T16:07:53.091+07:00  INFO 3784 --- [FinalProject_Java-Service] [http-nio-8080-exec-7] r.e.f.config.LoggingAspect               : REQUEST AssignmentController.create(..) args=[CreateAssignmentRequest[courseId=2, title=Bai tap so 2, description=Lam CRUD nang cao, dueDate=2026-06-20T23:59, maxScore=10.0]]
2026-06-13T16:07:53.109+07:00  INFO 3784 --- [FinalProject_Java-Service] [http-nio-8080-exec-7] r.e.f.config.LoggingAspect               : RESPONSE AssignmentController.create(..) in 18 ms payload=ApiResponse[success=true, message=Created successfully, data=AssignmentResponse[id=2, courseId=2, lecturerId=9, title=Bai tap so 2, description=Lam CRUD nang cao, dueDate=2026-06-20T23:59, maxScore=10.0], errors=null]
2026-06-13T16:08:28.664+07:00  INFO 3784 --- [FinalProject_Java-Service] [http-nio-8080-exec-6] r.e.f.config.LoggingAspect               : REQUEST AssignmentController.uploadForAssignment(..) args=[1, org.springframework.web.multipart.support.StandardMultipartHttpServletRequest$StandardMultipartFile@179f627f]
2026-06-13T16:08:28.685+07:00 ERROR 3784 --- [FinalProject_Java-Service] [http-nio-8080-exec-6] r.e.f.config.LoggingAspect               : EXCEPTION AssignmentController.uploadForAssignment(..) in 21 ms: ra.edu.finalproject_javaservice.exception.BadRequestException: You have not registered for this course, so you cannot submit this assignment
2026-06-13T16:08:38.531+07:00  INFO 3784 --- [FinalProject_Java-Service] [http-nio-8080-exec-8] r.e.f.config.LoggingAspect               : REQUEST AssignmentController.studentAssignmentsByCourse(..) args=[1]
2026-06-13T16:08:38.537+07:00  INFO 3784 --- [FinalProject_Java-Service] [http-nio-8080-exec-8] r.e.f.config.LoggingAspect               : RESPONSE AssignmentController.studentAssignmentsByCourse(..) in 6 ms payload=ApiResponse[success=true, message=Success, data=[AssignmentResponse[id=1, courseId=1, lecturerId=9, title=Bai tap so 1, description=Lam CRUD co ban, dueDate=2026-06-20T23:59, maxScore=100.0]], errors=null]
2026-06-13T16:08:42.606+07:00  INFO 3784 --- [FinalProject_Java-Service] [http-nio-8080-exec-10] r.e.f.config.LoggingAspect               : REQUEST AssignmentController.studentAssignmentsByCourse(..) args=[2]
2026-06-13T16:08:42.612+07:00  INFO 3784 --- [FinalProject_Java-Service] [http-nio-8080-exec-10] r.e.f.config.LoggingAspect               : RESPONSE AssignmentController.studentAssignmentsByCourse(..) in 6 ms payload=ApiResponse[success=true, message=Success, data=[AssignmentResponse[id=2, courseId=2, lecturerId=9, title=Bai tap so 2, description=Lam CRUD nang cao, dueDate=2026-06-20T23:59, maxScore=10.0]], errors=null]
2026-06-13T16:08:53.501+07:00  INFO 3784 --- [FinalProject_Java-Service] [http-nio-8080-exec-1] r.e.f.config.LoggingAspect               : REQUEST AssignmentController.studentAssignmentsByCourse(..) args=[2]
2026-06-13T16:08:53.506+07:00  INFO 3784 --- [FinalProject_Java-Service] [http-nio-8080-exec-1] r.e.f.config.LoggingAspect               : RESPONSE AssignmentController.studentAssignmentsByCourse(..) in 5 ms payload=ApiResponse[success=true, message=Success, data=[AssignmentResponse[id=2, courseId=2, lecturerId=9, title=Bai tap so 2, description=Lam CRUD nang cao, dueDate=2026-06-20T23:59, maxScore=10.0]], errors=null]
2026-06-13T16:09:08.757+07:00  INFO 3784 --- [FinalProject_Java-Service] [http-nio-8080-exec-3] r.e.f.config.LoggingAspect               : REQUEST AssignmentController.uploadForAssignment(..) args=[2, org.springframework.web.multipart.support.StandardMultipartHttpServletRequest$StandardMultipartFile@3d4b4ec3]
2026-06-13T16:09:10.709+07:00  INFO 3784 --- [FinalProject_Java-Service] [http-nio-8080-exec-3] r.e.f.config.LoggingAspect               : RESPONSE AssignmentController.uploadForAssignment(..) in 1952 ms payload=ApiResponse[success=true, message=Uploaded successfully, data=SubmissionResponse[id=3, courseId=2, studentId=7, reportUrl=https://res.cloudinary.com/dcew6wv4a/raw/upload/v1781341750/finalproject/submissions/tdcixslesrpvsxtavz5w, score=null, feedback=null, status=SUBMITTED], errors=null]
2026-06-13T16:35:20.277+07:00  INFO 11696 --- [FinalProject_Java-Service] [Test worker] .FinalProjectJavaServiceApplicationTests : Starting FinalProjectJavaServiceApplicationTests using Java 17.0.18 with PID 11696 (started by OS in C:\Users\OS\Documents\BTVN Java_Service\FinalProject_Java-Service)
2026-06-13T16:35:20.278+07:00  INFO 11696 --- [FinalProject_Java-Service] [Test worker] .FinalProjectJavaServiceApplicationTests : No active profile set, falling back to 1 default profile: "default"
2026-06-13T16:35:21.454+07:00  INFO 11696 --- [FinalProject_Java-Service] [Test worker] .s.d.r.c.RepositoryConfigurationDelegate : Bootstrapping Spring Data JPA repositories in DEFAULT mode.
2026-06-13T16:35:21.563+07:00  INFO 11696 --- [FinalProject_Java-Service] [Test worker] .s.d.r.c.RepositoryConfigurationDelegate : Finished Spring Data repository scanning in 92 ms. Found 7 JPA repository interfaces.
2026-06-13T16:35:22.722+07:00  INFO 11696 --- [FinalProject_Java-Service] [Test worker] org.hibernate.orm.jpa                    : HHH008540: Processing PersistenceUnitInfo [name: default]
2026-06-13T16:35:22.912+07:00  INFO 11696 --- [FinalProject_Java-Service] [Test worker] org.hibernate.orm.core                   : HHH000001: Hibernate ORM core version 7.2.12.Final
2026-06-13T16:35:23.862+07:00  INFO 11696 --- [FinalProject_Java-Service] [Test worker] o.s.o.j.p.SpringPersistenceUnitInfo      : No LoadTimeWeaver setup: ignoring JPA class transformer
2026-06-13T16:35:23.904+07:00  INFO 11696 --- [FinalProject_Java-Service] [Test worker] com.zaxxer.hikari.HikariDataSource       : HikariPool-1 - Starting...
2026-06-13T16:35:24.069+07:00  INFO 11696 --- [FinalProject_Java-Service] [Test worker] com.zaxxer.hikari.pool.HikariPool        : HikariPool-1 - Added connection com.mysql.cj.jdbc.ConnectionImpl@1248f83
2026-06-13T16:35:24.071+07:00  INFO 11696 --- [FinalProject_Java-Service] [Test worker] com.zaxxer.hikari.HikariDataSource       : HikariPool-1 - Start completed.
2026-06-13T16:35:24.141+07:00  WARN 11696 --- [FinalProject_Java-Service] [Test worker] org.hibernate.orm.deprecation            : HHH90000025: MySQLDialect does not need to be specified explicitly using 'hibernate.dialect' (remove the property setting and it will be selected by default)
2026-06-13T16:35:24.161+07:00  INFO 11696 --- [FinalProject_Java-Service] [Test worker] org.hibernate.orm.connections.pooling    : HHH10001005: Database info:
	Database JDBC URL [jdbc:mysql://localhost:3306/finalproject_java_service?createDatabaseIfNotExist=true&useSSL=false&allowPublicKeyRetrieval=true&serverTimezone=Asia/Ho_Chi_Minh]
	Database driver: MySQL Connector/J
	Database dialect: MySQLDialect
	Database version: 8.0.44
	Default catalog/schema: finalproject_java_service/undefined
	Autocommit mode: undefined/unknown
	Isolation level: REPEATABLE_READ [default REPEATABLE_READ]
	JDBC fetch size: none
	Pool: DataSourceConnectionProvider
	Minimum pool size: undefined/unknown
	Maximum pool size: undefined/unknown
2026-06-13T16:35:25.401+07:00  INFO 11696 --- [FinalProject_Java-Service] [Test worker] org.hibernate.orm.core                   : HHH000489: No JTA platform available (set 'hibernate.transaction.jta.platform' to enable JTA platform integration)
2026-06-13T16:35:25.495+07:00  INFO 11696 --- [FinalProject_Java-Service] [Test worker] j.LocalContainerEntityManagerFactoryBean : Initialized JPA EntityManagerFactory for persistence unit 'default'
2026-06-13T16:35:25.612+07:00  INFO 11696 --- [FinalProject_Java-Service] [Test worker] o.s.d.j.r.query.QueryEnhancerFactories   : Hibernate is in classpath; If applicable, HQL parser will be used.
2026-06-13T16:35:26.470+07:00  INFO 11696 --- [FinalProject_Java-Service] [Test worker] r$InitializeUserDetailsManagerConfigurer : Global AuthenticationManager configured with UserDetailsService bean with name customUserDetailsService
2026-06-13T16:35:29.059+07:00  INFO 11696 --- [FinalProject_Java-Service] [Test worker] o.s.b.a.e.web.EndpointLinksResolver      : Exposing 1 endpoint beneath base path '/actuator'
2026-06-13T16:35:29.188+07:00  INFO 11696 --- [FinalProject_Java-Service] [Test worker] .FinalProjectJavaServiceApplicationTests : Started FinalProjectJavaServiceApplicationTests in 9.267 seconds (process running for 10.853)
2026-06-13T16:35:32.632+07:00  INFO 11696 --- [FinalProject_Java-Service] [SpringApplicationShutdownHook] j.LocalContainerEntityManagerFactoryBean : Closing JPA EntityManagerFactory for persistence unit 'default'
2026-06-13T16:35:32.640+07:00  INFO 11696 --- [FinalProject_Java-Service] [SpringApplicationShutdownHook] com.zaxxer.hikari.HikariDataSource       : HikariPool-1 - Shutdown initiated...
2026-06-13T16:35:32.671+07:00  INFO 11696 --- [FinalProject_Java-Service] [SpringApplicationShutdownHook] com.zaxxer.hikari.HikariDataSource       : HikariPool-1 - Shutdown completed.
